Enter player name: assign: Traitor
assign: Sheriff
assign: Criminal
assign: Deputy
assign: Criminal
[93m[DEBUG][0m It's player 0 turn!!!
------------------------------------------
player 0(Computer C),role: Sheriff,character: Kit_Carlson:
hp: 5(max: 5)
Cards(5):[Schofield] [Remington] [Barrel] [Bang] [Indians] 
Weapon: [N]
Barrel: N,Mustang: N,Scope: N,Jail: N,Dynamite: N
------------------------------------------
player 1(Computer A),role: Traitor,character: Suzy_Lafayette:
hp: 4(max: 4)
Cards(4):[Beer] [General Store] [Duel] [Winchester] 
Weapon: [N]
Barrel: N,Mustang: N,Scope: N,Jail: N,Dynamite: N
------------------------------------------
player 2(Computer D),role: Criminal,character: Slab_the_Killer:
hp: 4(max: 4)
Cards(4):[Bang] [Volcanic] [Missed] [Bang] 
Weapon: [N]
Barrel: N,Mustang: N,Scope: N,Jail: N,Dynamite: N
------------------------------------------
player 3(Computer B),role: Criminal,character: Jourdonnais:
hp: 4(max: 4)
Cards(4):[Bang] [Bang] [Rev Carabine] [Panic] 
Weapon: [N]
Barrel: N,Mustang: N,Scope: N,Jail: N,Dynamite: N
------------------------------------------
[93m[DEBUG][0m 1.Draw two cards
0(Sheriff): -10000,1(Traitor): 2,2(Criminal): 2,3(Criminal): 2,
[Bang] weight: 0,[Missed] weight: 0,[Beer] weight: 0,
0(Sheriff): -10000,1(Traitor): 2,2(Criminal): 2,3(Criminal): 2,
[Missed] weight: 0,[Beer] weight: 0,
------------------------------------------
player 0(Computer C),role: Sheriff,character: Kit_Carlson:
hp: 5(max: 5)
Cards(7):[Schofield] [Remington] [Barrel] [Bang] [Indians] [Bang] [Missed] 
Weapon: [N]
Barrel: N,Mustang: N,Scope: N,Jail: N,Dynamite: N
------------------------------------------
player 1(Computer A),role: Traitor,character: Suzy_Lafayette:
hp: 4(max: 4)
Cards(4):[Beer] [General Store] [Duel] [Winchester] 
Weapon: [N]
Barrel: N,Mustang: N,Scope: N,Jail: N,Dynamite: N
------------------------------------------
player 2(Computer D),role: Criminal,character: Slab_the_Killer:
hp: 4(max: 4)
Cards(4):[Bang] [Volcanic] [Missed] [Bang] 
Weapon: [N]
Barrel: N,Mustang: N,Scope: N,Jail: N,Dynamite: N
------------------------------------------
player 3(Computer B),role: Criminal,character: Jourdonnais:
hp: 4(max: 4)
Cards(4):[Bang] [Bang] [Rev Carabine] [Panic] 
Weapon: [N]
Barrel: N,Mustang: N,Scope: N,Jail: N,Dynamite: N
------------------------------------------
[93m[DEBUG][0m player 0, choose your card
0(Sheriff): -10000,1(Traitor): 2,2(Criminal): 2,3(Criminal): 2,
[Barrel] weight: 500,[Remington] weight: 130,[Schofield] weight: 120,[Bang] weight: 0,[Indians] weight: 0,[Bang] weight: 0,[Missed] weight: 0,
[93m[DEBUG][0m Use: Barrel
[93m[DEBUG][0m player 0, choose your card
0(Sheriff): -10000,1(Traitor): 2,2(Criminal): 2,3(Criminal): 2,
[Remington] weight: 130,[Schofield] weight: 120,[Bang] weight: 0,[Indians] weight: 0,[Bang] weight: 0,[Missed] weight: 0,
[93m[DEBUG][0m Use: Remington
[93m[DEBUG][0m player 0, choose your card
0(Sheriff): -10000,1(Traitor): 2,2(Criminal): 2,3(Criminal): 2,
[Bang] weight: 0,[Indians] weight: 0,[Bang] weight: 0,[Missed] weight: 0,[Schofield] weight: -120,
[93m[DEBUG][0m Now: Discard cards.
[93m[DEBUG][0m It's player 1 turn!!!
------------------------------------------
player 0(Computer C),role: Sheriff,character: Kit_Carlson:
hp: 5(max: 5)
Cards(5):[Schofield] [Bang] [Indians] [Bang] [Missed] 
Weapon: [Remington]
Barrel: Y,Mustang: N,Scope: N,Jail: N,Dynamite: N
------------------------------------------
player 1(Computer A),role: Traitor,character: Suzy_Lafayette:
hp: 4(max: 4)
Cards(4):[Beer] [General Store] [Duel] [Winchester] 
Weapon: [N]
Barrel: N,Mustang: N,Scope: N,Jail: N,Dynamite: N
------------------------------------------
player 2(Computer D),role: Criminal,character: Slab_the_Killer:
hp: 4(max: 4)
Cards(4):[Bang] [Volcanic] [Missed] [Bang] 
Weapon: [N]
Barrel: N,Mustang: N,Scope: N,Jail: N,Dynamite: N
------------------------------------------
player 3(Computer B),role: Criminal,character: Jourdonnais:
hp: 4(max: 4)
Cards(4):[Bang] [Bang] [Rev Carabine] [Panic] 
Weapon: [N]
Barrel: N,Mustang: N,Scope: N,Jail: N,Dynamite: N
------------------------------------------
[93m[DEBUG][0m 1.Draw two cards
------------------------------------------
player 0(Computer C),role: Sheriff,character: Kit_Carlson:
hp: 5(max: 5)
Cards(5):[Schofield] [Bang] [Indians] [Bang] [Missed] 
Weapon: [Remington]
Barrel: Y,Mustang: N,Scope: N,Jail: N,Dynamite: N
------------------------------------------
player 1(Computer A),role: Traitor,character: Suzy_Lafayette:
hp: 4(max: 4)
Cards(6):[Beer] [General Store] [Duel] [Winchester] [Bang] [Cat Balou] 
Weapon: [N]
Barrel: N,Mustang: N,Scope: N,Jail: N,Dynamite: N
------------------------------------------
player 2(Computer D),role: Criminal,character: Slab_the_Killer:
hp: 4(max: 4)
Cards(4):[Bang] [Volcanic] [Missed] [Bang] 
Weapon: [N]
Barrel: N,Mustang: N,Scope: N,Jail: N,Dynamite: N
------------------------------------------
player 3(Computer B),role: Criminal,character: Jourdonnais:
hp: 4(max: 4)
Cards(4):[Bang] [Bang] [Rev Carabine] [Panic] 
Weapon: [N]
Barrel: N,Mustang: N,Scope: N,Jail: N,Dynamite: N
------------------------------------------
[93m[DEBUG][0m player 1, choose your card
0(Sheriff): 6,1(Traitor): -10000,2(Criminal): 5,3(Criminal): 5,
[Cat Balou] weight: 3780,[Winchester] weight: 150,[Bang] weight: 6,[Duel] weight: 1,[Beer] weight: 0,[General Store] weight: -5,
[93m[DEBUG][0m Use: Cat Balou
[93m[DEBUG][0m 1->0: select [Barrel]
[93m[DEBUG][0m player 1, choose your card
0(Sheriff): 6,1(Traitor): -10000,2(Criminal): 5,3(Criminal): 5,
[Winchester] weight: 150,[Bang] weight: 6,[Duel] weight: 1,[Beer] weight: 0,[General Store] weight: 0,
[93m[DEBUG][0m Use: Winchester
[93m[DEBUG][0m player 1, choose your card
0(Sheriff): 6,1(Traitor): -10000,2(Criminal): 5,3(Criminal): 5,
[Bang] weight: 6,[General Store] weight: 5,[Duel] weight: 1,[Beer] weight: 0,
[93m[DEBUG][0m Now: Discard cards.
[93m[DEBUG][0m It's player 2 turn!!!
------------------------------------------
player 0(Computer C),role: Sheriff,character: Kit_Carlson:
hp: 5(max: 5)
Cards(5):[Schofield] [Bang] [Indians] [Bang] [Missed] 
Weapon: [Remington]
Barrel: N,Mustang: N,Scope: N,Jail: N,Dynamite: N
------------------------------------------
player 1(Computer A),role: Traitor,character: Suzy_Lafayette:
hp: 4(max: 4)
Cards(4):[Beer] [General Store] [Duel] [Bang] 
Weapon: [N]
Barrel: N,Mustang: N,Scope: N,Jail: N,Dynamite: N
------------------------------------------
player 2(Computer D),role: Criminal,character: Slab_the_Killer:
hp: 4(max: 4)
Cards(4):[Bang] [Volcanic] [Missed] [Bang] 
Weapon: [N]
Barrel: N,Mustang: N,Scope: N,Jail: N,Dynamite: N
------------------------------------------
player 3(Computer B),role: Criminal,character: Jourdonnais:
hp: 4(max: 4)
Cards(4):[Bang] [Bang] [Rev Carabine] [Panic] 
Weapon: [N]
Barrel: N,Mustang: N,Scope: N,Jail: N,Dynamite: N
------------------------------------------
[93m[DEBUG][0m 1.Draw two cards
------------------------------------------
player 0(Computer C),role: Sheriff,character: Kit_Carlson:
hp: 5(max: 5)
Cards(5):[Schofield] [Bang] [Indians] [Bang] [Missed] 
Weapon: [Remington]
Barrel: N,Mustang: N,Scope: N,Jail: N,Dynamite: N
------------------------------------------
player 1(Computer A),role: Traitor,character: Suzy_Lafayette:
hp: 4(max: 4)
Cards(4):[Beer] [General Store] [Duel] [Bang] 
Weapon: [N]
Barrel: N,Mustang: N,Scope: N,Jail: N,Dynamite: N
------------------------------------------
player 2(Computer D),role: Criminal,character: Slab_the_Killer:
hp: 4(max: 4)
Cards(6):[Bang] [Volcanic] [Missed] [Bang] [Schofield] [Gatling] 
Weapon: [N]
Barrel: N,Mustang: N,Scope: N,Jail: N,Dynamite: N
------------------------------------------
player 3(Computer B),role: Criminal,character: Jourdonnais:
hp: 4(max: 4)
Cards(4):[Bang] [Bang] [Rev Carabine] [Panic] 
Weapon: [N]
Barrel: N,Mustang: N,Scope: N,Jail: N,Dynamite: N
------------------------------------------
[93m[DEBUG][0m player 2, choose your card
0(Sheriff): 5,1(Traitor): 0,2(Criminal): -10000,3(Criminal): 0,
[Volcanic] weight: 200,[Schofield] weight: 120,[Gatling] weight: 20,[Bang] weight: 0,[Missed] weight: 0,[Bang] weight: 0,
[93m[DEBUG][0m Use: Volcanic
[93m[DEBUG][0m player 2, choose your card
0(Sheriff): 5,1(Traitor): 0,2(Criminal): -10000,3(Criminal): 0,
[Schofield] weight: 120,[Gatling] weight: 20,[Bang] weight: 0,[Missed] weight: 0,[Bang] weight: 0,
[93m[DEBUG][0m Use: Schofield
[93m[DEBUG][0m player 2, choose your card
0(Sheriff): 5,1(Traitor): 0,2(Criminal): -10000,3(Criminal): 0,
[Gatling] weight: 20,[Bang] weight: 5,[Bang] weight: 5,[Missed] weight: 0,
[93m[DEBUG][0m Use: Gatling
[93m[DEBUG][0m Specify to player 0: [Missed]
[93m[DEBUG][0m Return: [Missed](id:4)
[93m[DEBUG][0m Specify to player 0: [Missed]
[93m[DEBUG][0m Return: [Missed](id:4)
[93m[DEBUG][0m Specify to player 1: [Missed]
[93m[DEBUG][0m Return: [NULL]
[93m[DEBUG][0m 2 attack 1
[93m[DEBUG][0m Specify to player 3: [Missed]
[93m[DEBUG][0m Return: [NULL]
[93m[DEBUG][0m 2 attack 3
[93m[DEBUG][0m player 2, choose your card
0(Sheriff): 5,1(Traitor): 1,2(Criminal): -10000,3(Criminal): 1,
[Bang] weight: 0,[Missed] weight: 0,[Bang] weight: 0,
[93m[DEBUG][0m Now: Discard cards.
[93m[DEBUG][0m It's player 3 turn!!!
------------------------------------------
player 0(Computer C),role: Sheriff,character: Kit_Carlson:
hp: 5(max: 5)
Cards(4):[Schofield] [Bang] [Indians] [Bang] 
Weapon: [Remington]
Barrel: N,Mustang: N,Scope: N,Jail: N,Dynamite: N
------------------------------------------
player 1(Computer A),role: Traitor,character: Suzy_Lafayette:
hp: 3(max: 4)
Cards(4):[Beer] [General Store] [Duel] [Bang] 
Weapon: [N]
Barrel: N,Mustang: N,Scope: N,Jail: N,Dynamite: N
------------------------------------------
player 2(Computer D),role: Criminal,character: Slab_the_Killer:
hp: 4(max: 4)
Cards(3):[Bang] [Missed] [Bang] 
Weapon: [Schofield]
Barrel: N,Mustang: N,Scope: N,Jail: N,Dynamite: N
------------------------------------------
player 3(Computer B),role: Criminal,character: Jourdonnais:
hp: 3(max: 4)
Cards(4):[Bang] [Bang] [Rev Carabine] [Panic] 
Weapon: [N]
Barrel: N,Mustang: N,Scope: N,Jail: N,Dynamite: N
------------------------------------------
[93m[DEBUG][0m 1.Draw two cards
------------------------------------------
player 0(Computer C),role: Sheriff,character: Kit_Carlson:
hp: 5(max: 5)
Cards(4):[Schofield] [Bang] [Indians] [Bang] 
Weapon: [Remington]
Barrel: N,Mustang: N,Scope: N,Jail: N,Dynamite: N
------------------------------------------
player 1(Computer A),role: Traitor,character: Suzy_Lafayette:
hp: 3(max: 4)
Cards(4):[Beer] [General Store] [Duel] [Bang] 
Weapon: [N]
Barrel: N,Mustang: N,Scope: N,Jail: N,Dynamite: N
------------------------------------------
player 2(Computer D),role: Criminal,character: Slab_the_Killer:
hp: 4(max: 4)
Cards(3):[Bang] [Missed] [Bang] 
Weapon: [Schofield]
Barrel: N,Mustang: N,Scope: N,Jail: N,Dynamite: N
------------------------------------------
player 3(Computer B),role: Criminal,character: Jourdonnais:
hp: 3(max: 4)
Cards(6):[Bang] [Bang] [Rev Carabine] [Panic] [Bang] [Cat Balou] 
Weapon: [N]
Barrel: N,Mustang: N,Scope: N,Jail: N,Dynamite: N
------------------------------------------
[93m[DEBUG][0m player 3, choose your card
0(Sheriff): 5,1(Traitor): 0,2(Criminal): 0,3(Criminal): -10000,
[Panic] weight: 650,[Cat Balou] weight: 650,[Rev Carabine] weight: 140,[Bang] weight: 0,[Bang] weight: 0,[Bang] weight: 0,
[93m[DEBUG][0m Use: Panic
[93m[DEBUG][0m player 3, choose your card
0(Sheriff): 5,1(Traitor): 0,2(Criminal): 0,3(Criminal): -10000,
[Rev Carabine] weight: 140,[Remington] weight: 130,[Bang] weight: 0,[Bang] weight: 0,[Bang] weight: 0,[Cat Balou] weight: 0,
[93m[DEBUG][0m Use: Rev Carabine
[93m[DEBUG][0m player 3, choose your card
0(Sheriff): 5,1(Traitor): 0,2(Criminal): 0,3(Criminal): -10000,
[Bang] weight: 0,[Bang] weight: 0,[Bang] weight: 0,[Cat Balou] weight: 0,[Remington] weight: -130,
[93m[DEBUG][0m Now: Discard cards.
0(Sheriff): 5,1(Traitor): 0,2(Criminal): 0,3(Criminal): -10000,
[Bang] weight: 0,[Bang] weight: 0,[Bang] weight: 0,[Cat Balou] weight: 0,[Remington] weight: -130,
[93m[DEBUG][0m Discard: Remington
0(Sheriff): 5,1(Traitor): 0,2(Criminal): 0,3(Criminal): -10000,
[Bang] weight: 0,[Bang] weight: 0,[Bang] weight: 0,[Cat Balou] weight: 0,
[93m[DEBUG][0m Discard: Cat Balou
[93m[DEBUG][0m It's player 0 turn!!!
------------------------------------------
player 0(Computer C),role: Sheriff,character: Kit_Carlson:
hp: 5(max: 5)
Cards(4):[Schofield] [Bang] [Indians] [Bang] 
Weapon: [N]
Barrel: N,Mustang: N,Scope: N,Jail: N,Dynamite: N
------------------------------------------
player 1(Computer A),role: Traitor,character: Suzy_Lafayette:
hp: 3(max: 4)
Cards(4):[Beer] [General Store] [Duel] [Bang] 
Weapon: [N]
Barrel: N,Mustang: N,Scope: N,Jail: N,Dynamite: N
------------------------------------------
player 2(Computer D),role: Criminal,character: Slab_the_Killer:
hp: 4(max: 4)
Cards(3):[Bang] [Missed] [Bang] 
Weapon: [Schofield]
Barrel: N,Mustang: N,Scope: N,Jail: N,Dynamite: N
------------------------------------------
player 3(Computer B),role: Criminal,character: Jourdonnais:
hp: 3(max: 4)
Cards(3):[Bang] [Bang] [Bang] 
Weapon: [Rev Carabine]
Barrel: N,Mustang: N,Scope: N,Jail: N,Dynamite: N
------------------------------------------
[93m[DEBUG][0m 1.Draw two cards
0(Sheriff): -10000,1(Traitor): 3,2(Criminal): 2,3(Criminal): 3,
[Mustang] weight: 450,[Panic] weight: 0,[Beer] weight: 0,
0(Sheriff): -10000,1(Traitor): 3,2(Criminal): 2,3(Criminal): 3,
[Panic] weight: 0,[Beer] weight: 0,
------------------------------------------
player 0(Computer C),role: Sheriff,character: Kit_Carlson:
hp: 5(max: 5)
Cards(6):[Schofield] [Bang] [Indians] [Bang] [Mustang] [Panic] 
Weapon: [N]
Barrel: N,Mustang: N,Scope: N,Jail: N,Dynamite: N
------------------------------------------
player 1(Computer A),role: Traitor,character: Suzy_Lafayette:
hp: 3(max: 4)
Cards(4):[Beer] [General Store] [Duel] [Bang] 
Weapon: [N]
Barrel: N,Mustang: N,Scope: N,Jail: N,Dynamite: N
------------------------------------------
player 2(Computer D),role: Criminal,character: Slab_the_Killer:
hp: 4(max: 4)
Cards(3):[Bang] [Missed] [Bang] 
Weapon: [Schofield]
Barrel: N,Mustang: N,Scope: N,Jail: N,Dynamite: N
------------------------------------------
player 3(Computer B),role: Criminal,character: Jourdonnais:
hp: 3(max: 4)
Cards(3):[Bang] [Bang] [Bang] 
Weapon: [Rev Carabine]
Barrel: N,Mustang: N,Scope: N,Jail: N,Dynamite: N
------------------------------------------
[93m[DEBUG][0m player 0, choose your card
0(Sheriff): -10000,1(Traitor): 3,2(Criminal): 2,3(Criminal): 3,
[Mustang] weight: 450,[Schofield] weight: 120,[Bang] weight: 0,[Indians] weight: 0,[Bang] weight: 0,[Panic] weight: 0,
[93m[DEBUG][0m Use: Mustang
[93m[DEBUG][0m player 0, choose your card
0(Sheriff): -10000,1(Traitor): 3,2(Criminal): 2,3(Criminal): 3,
[Schofield] weight: 120,[Bang] weight: 0,[Indians] weight: 0,[Bang] weight: 0,[Panic] weight: 0,
[93m[DEBUG][0m Use: Schofield
[93m[DEBUG][0m player 0, choose your card
0(Sheriff): -10000,1(Traitor): 3,2(Criminal): 2,3(Criminal): 3,
[Bang] weight: 0,[Indians] weight: 0,[Bang] weight: 0,[Panic] weight: 0,
[93m[DEBUG][0m Now: Discard cards.
[93m[DEBUG][0m It's player 1 turn!!!
------------------------------------------
player 0(Computer C),role: Sheriff,character: Kit_Carlson:
hp: 5(max: 5)
Cards(4):[Bang] [Indians] [Bang] [Panic] 
Weapon: [Schofield]
Barrel: N,Mustang: Y,Scope: N,Jail: N,Dynamite: N
------------------------------------------
player 1(Computer A),role: Traitor,character: Suzy_Lafayette:
hp: 3(max: 4)
Cards(4):[Beer] [General Store] [Duel] [Bang] 
Weapon: [N]
Barrel: N,Mustang: N,Scope: N,Jail: N,Dynamite: N
------------------------------------------
player 2(Computer D),role: Criminal,character: Slab_the_Killer:
hp: 4(max: 4)
Cards(3):[Bang] [Missed] [Bang] 
Weapon: [Schofield]
Barrel: N,Mustang: N,Scope: N,Jail: N,Dynamite: N
------------------------------------------
player 3(Computer B),role: Criminal,character: Jourdonnais:
hp: 3(max: 4)
Cards(3):[Bang] [Bang] [Bang] 
Weapon: [Rev Carabine]
Barrel: N,Mustang: N,Scope: N,Jail: N,Dynamite: N
------------------------------------------
[93m[DEBUG][0m 1.Draw two cards
------------------------------------------
player 0(Computer C),role: Sheriff,character: Kit_Carlson:
hp: 5(max: 5)
Cards(4):[Bang] [Indians] [Bang] [Panic] 
Weapon: [Schofield]
Barrel: N,Mustang: Y,Scope: N,Jail: N,Dynamite: N
------------------------------------------
player 1(Computer A),role: Traitor,character: Suzy_Lafayette:
hp: 3(max: 4)
Cards(6):[Beer] [General Store] [Duel] [Bang] [Beer] [Bang] 
Weapon: [N]
Barrel: N,Mustang: N,Scope: N,Jail: N,Dynamite: N
------------------------------------------
player 2(Computer D),role: Criminal,character: Slab_the_Killer:
hp: 4(max: 4)
Cards(3):[Bang] [Missed] [Bang] 
Weapon: [Schofield]
Barrel: N,Mustang: N,Scope: N,Jail: N,Dynamite: N
------------------------------------------
player 3(Computer B),role: Criminal,character: Jourdonnais:
hp: 3(max: 4)
Cards(3):[Bang] [Bang] [Bang] 
Weapon: [Rev Carabine]
Barrel: N,Mustang: N,Scope: N,Jail: N,Dynamite: N
------------------------------------------
[93m[DEBUG][0m player 1, choose your card
0(Sheriff): 6,1(Traitor): -10000,2(Criminal): 5,3(Criminal): 5,
[Duel] weight: 25,[Beer] weight: 5,[Bang] weight: 5,[Beer] weight: 5,[Bang] weight: 5,[General Store] weight: -5,
[93m[DEBUG][0m Use: Duel
[93m[DEBUG][0m Specify to player 0: [Bang]
[93m[DEBUG][0m Return: [Bang](id:0)
[93m[DEBUG][0m Specify to player 0: [Bang]
[93m[DEBUG][0m Return: [Bang](id:1)
[93m[DEBUG][0m Specify to player 0: [Bang]
[93m[DEBUG][0m Return: [NULL]
[93m[DEBUG][0m 1 attack 0
[93m[DEBUG][0m player 1, choose your card
0(Sheriff): 6,1(Traitor): -10000,2(Criminal): 5,3(Criminal): 5,
[Beer] weight: 5,[Bang] weight: 5,[Beer] weight: 5,[Bang] weight: 5,[General Store] weight: 0,
[93m[DEBUG][0m Now: Discard cards.
0(Sheriff): 6,1(Traitor): -10000,2(Criminal): 5,3(Criminal): 5,
[Beer] weight: 5,[Bang] weight: 5,[Beer] weight: 5,[Bang] weight: 5,[General Store] weight: 0,
[93m[DEBUG][0m Discard: General Store
0(Sheriff): 6,1(Traitor): -10000,2(Criminal): 5,3(Criminal): 5,
[Beer] weight: 5,[Bang] weight: 5,[Beer] weight: 5,[Bang] weight: 5,
[93m[DEBUG][0m Discard: Bang
[93m[DEBUG][0m It's player 2 turn!!!
------------------------------------------
player 0(Computer C),role: Sheriff,character: Kit_Carlson:
hp: 4(max: 5)
Cards(2):[Indians] [Panic] 
Weapon: [Schofield]
Barrel: N,Mustang: Y,Scope: N,Jail: N,Dynamite: N
------------------------------------------
player 1(Computer A),role: Traitor,character: Suzy_Lafayette:
hp: 3(max: 4)
Cards(3):[Beer] [Bang] [Beer] 
Weapon: [N]
Barrel: N,Mustang: N,Scope: N,Jail: N,Dynamite: N
------------------------------------------
player 2(Computer D),role: Criminal,character: Slab_the_Killer:
hp: 4(max: 4)
Cards(3):[Bang] [Missed] [Bang] 
Weapon: [Schofield]
Barrel: N,Mustang: N,Scope: N,Jail: N,Dynamite: N
------------------------------------------
player 3(Computer B),role: Criminal,character: Jourdonnais:
hp: 3(max: 4)
Cards(3):[Bang] [Bang] [Bang] 
Weapon: [Rev Carabine]
Barrel: N,Mustang: N,Scope: N,Jail: N,Dynamite: N
------------------------------------------
[93m[DEBUG][0m 1.Draw two cards
------------------------------------------
player 0(Computer C),role: Sheriff,character: Kit_Carlson:
hp: 4(max: 5)
Cards(2):[Indians] [Panic] 
Weapon: [Schofield]
Barrel: N,Mustang: Y,Scope: N,Jail: N,Dynamite: N
------------------------------------------
player 1(Computer A),role: Traitor,character: Suzy_Lafayette:
hp: 3(max: 4)
Cards(3):[Beer] [Bang] [Beer] 
Weapon: [N]
Barrel: N,Mustang: N,Scope: N,Jail: N,Dynamite: N
------------------------------------------
player 2(Computer D),role: Criminal,character: Slab_the_Killer:
hp: 4(max: 4)
Cards(5):[Bang] [Missed] [Bang] [Scope] [Saloon] 
Weapon: [Schofield]
Barrel: N,Mustang: N,Scope: N,Jail: N,Dynamite: N
------------------------------------------
player 3(Computer B),role: Criminal,character: Jourdonnais:
hp: 3(max: 4)
Cards(3):[Bang] [Bang] [Bang] 
Weapon: [Rev Carabine]
Barrel: N,Mustang: N,Scope: N,Jail: N,Dynamite: N
------------------------------------------
[93m[DEBUG][0m player 2, choose your card
0(Sheriff): 5,1(Traitor): 1,2(Criminal): -10000,3(Criminal): 1,
[Scope] weight: 400,[Saloon] weight: 13,[Bang] weight: 1,[Bang] weight: 1,[Missed] weight: 0,
[93m[DEBUG][0m Use: Scope
[93m[DEBUG][0m player 2, choose your card
0(Sheriff): 5,1(Traitor): 1,2(Criminal): -10000,3(Criminal): 1,
[Bang] weight: 20,[Bang] weight: 20,[Saloon] weight: 13,[Missed] weight: 0,
[93m[DEBUG][0m Use: Bang
[93m[DEBUG][0m Specify to player 0: [Missed]
[93m[DEBUG][0m Return: [NULL]
[93m[DEBUG][0m 2 attack 0
[93m[DEBUG][0m player 2, choose your card
0(Sheriff): 6,1(Traitor): 1,2(Criminal): -10000,3(Criminal): 1,
[Saloon] weight: 13,[Missed] weight: 0,[Bang] weight: -100,
[93m[DEBUG][0m Use: Saloon
[93m[DEBUG][0m player 2, choose your card
0(Sheriff): 6,1(Traitor): 1,2(Criminal): -10000,3(Criminal): 1,
[Missed] weight: 0,[Bang] weight: -100,
[93m[DEBUG][0m Now: Discard cards.
[93m[DEBUG][0m It's player 3 turn!!!
------------------------------------------
player 0(Computer C),role: Sheriff,character: Kit_Carlson:
hp: 4(max: 5)
Cards(2):[Indians] [Panic] 
Weapon: [Schofield]
Barrel: N,Mustang: Y,Scope: N,Jail: N,Dynamite: N
------------------------------------------
player 1(Computer A),role: Traitor,character: Suzy_Lafayette:
hp: 4(max: 4)
Cards(3):[Beer] [Bang] [Beer] 
Weapon: [N]
Barrel: N,Mustang: N,Scope: N,Jail: N,Dynamite: N
------------------------------------------
player 2(Computer D),role: Criminal,character: Slab_the_Killer:
hp: 4(max: 4)
Cards(2):[Missed] [Bang] 
Weapon: [Schofield]
Barrel: N,Mustang: N,Scope: Y,Jail: N,Dynamite: N
------------------------------------------
player 3(Computer B),role: Criminal,character: Jourdonnais:
hp: 4(max: 4)
Cards(3):[Bang] [Bang] [Bang] 
Weapon: [Rev Carabine]
Barrel: N,Mustang: N,Scope: N,Jail: N,Dynamite: N
------------------------------------------
[93m[DEBUG][0m 1.Draw two cards
------------------------------------------
player 0(Computer C),role: Sheriff,character: Kit_Carlson:
hp: 4(max: 5)
Cards(2):[Indians] [Panic] 
Weapon: [Schofield]
Barrel: N,Mustang: Y,Scope: N,Jail: N,Dynamite: N
------------------------------------------
player 1(Computer A),role: Traitor,character: Suzy_Lafayette:
hp: 4(max: 4)
Cards(3):[Beer] [Bang] [Beer] 
Weapon: [N]
Barrel: N,Mustang: N,Scope: N,Jail: N,Dynamite: N
------------------------------------------
player 2(Computer D),role: Criminal,character: Slab_the_Killer:
hp: 4(max: 4)
Cards(2):[Missed] [Bang] 
Weapon: [Schofield]
Barrel: N,Mustang: N,Scope: Y,Jail: N,Dynamite: N
------------------------------------------
player 3(Computer B),role: Criminal,character: Jourdonnais:
hp: 4(max: 4)
Cards(5):[Bang] [Bang] [Bang] [Panic] [Missed] 
Weapon: [Rev Carabine]
Barrel: N,Mustang: N,Scope: N,Jail: N,Dynamite: N
------------------------------------------
[93m[DEBUG][0m player 3, choose your card
0(Sheriff): 5,1(Traitor): 0,2(Criminal): 0,3(Criminal): -10000,
[Bang] weight: 20,[Bang] weight: 20,[Bang] weight: 20,[Panic] weight: 0,[Missed] weight: 0,
[93m[DEBUG][0m Use: Bang
[93m[DEBUG][0m Specify to player 0: [Missed]
[93m[DEBUG][0m Return: [NULL]
[93m[DEBUG][0m 3 attack 0
[93m[DEBUG][0m player 3, choose your card
0(Sheriff): 6,1(Traitor): 0,2(Criminal): 0,3(Criminal): -10000,
[Panic] weight: 0,[Missed] weight: 0,[Bang] weight: -100,[Bang] weight: -100,
[93m[DEBUG][0m Now: Discard cards.
[93m[DEBUG][0m It's player 0 turn!!!
------------------------------------------
player 0(Computer C),role: Sheriff,character: Kit_Carlson:
hp: 3(max: 5)
Cards(2):[Indians] [Panic] 
Weapon: [Schofield]
Barrel: N,Mustang: Y,Scope: N,Jail: N,Dynamite: N
------------------------------------------
player 1(Computer A),role: Traitor,character: Suzy_Lafayette:
hp: 4(max: 4)
Cards(3):[Beer] [Bang] [Beer] 
Weapon: [N]
Barrel: N,Mustang: N,Scope: N,Jail: N,Dynamite: N
------------------------------------------
player 2(Computer D),role: Criminal,character: Slab_the_Killer:
hp: 4(max: 4)
Cards(2):[Missed] [Bang] 
Weapon: [Schofield]
Barrel: N,Mustang: N,Scope: Y,Jail: N,Dynamite: N
------------------------------------------
player 3(Computer B),role: Criminal,character: Jourdonnais:
hp: 4(max: 4)
Cards(4):[Bang] [Bang] [Panic] [Missed] 
Weapon: [Rev Carabine]
Barrel: N,Mustang: N,Scope: N,Jail: N,Dynamite: N
------------------------------------------
[93m[DEBUG][0m 1.Draw two cards
0(Sheriff): -10000,1(Traitor): 4,2(Criminal): 3,3(Criminal): 4,
[Missed] weight: 0,[Bang] weight: -100,[Bang] weight: -100,
0(Sheriff): -10000,1(Traitor): 4,2(Criminal): 3,3(Criminal): 4,
[Bang] weight: -100,[Bang] weight: -100,
------------------------------------------
player 0(Computer C),role: Sheriff,character: Kit_Carlson:
hp: 3(max: 5)
Cards(4):[Indians] [Panic] [Missed] [Bang] 
Weapon: [Schofield]
Barrel: N,Mustang: Y,Scope: N,Jail: N,Dynamite: N
------------------------------------------
player 1(Computer A),role: Traitor,character: Suzy_Lafayette:
hp: 4(max: 4)
Cards(3):[Beer] [Bang] [Beer] 
Weapon: [N]
Barrel: N,Mustang: N,Scope: N,Jail: N,Dynamite: N
------------------------------------------
player 2(Computer D),role: Criminal,character: Slab_the_Killer:
hp: 4(max: 4)
Cards(2):[Missed] [Bang] 
Weapon: [Schofield]
Barrel: N,Mustang: N,Scope: Y,Jail: N,Dynamite: N
------------------------------------------
player 3(Computer B),role: Criminal,character: Jourdonnais:
hp: 4(max: 4)
Cards(4):[Bang] [Bang] [Panic] [Missed] 
Weapon: [Rev Carabine]
Barrel: N,Mustang: N,Scope: N,Jail: N,Dynamite: N
------------------------------------------
[93m[DEBUG][0m player 0, choose your card
0(Sheriff): -10000,1(Traitor): 4,2(Criminal): 3,3(Criminal): 4,
[Indians] weight: 4,[Bang] weight: 4,[Panic] weight: 0,[Missed] weight: 0,
[93m[DEBUG][0m Now: Discard cards.
0(Sheriff): -10000,1(Traitor): 4,2(Criminal): 3,3(Criminal): 4,
[Indians] weight: 4,[Bang] weight: 4,[Panic] weight: 0,[Missed] weight: 0,
[93m[DEBUG][0m Discard: Panic
[93m[DEBUG][0m It's player 1 turn!!!
------------------------------------------
player 0(Computer C),role: Sheriff,character: Kit_Carlson:
hp: 3(max: 5)
Cards(3):[Indians] [Missed] [Bang] 
Weapon: [Schofield]
Barrel: N,Mustang: Y,Scope: N,Jail: N,Dynamite: N
------------------------------------------
player 1(Computer A),role: Traitor,character: Suzy_Lafayette:
hp: 4(max: 4)
Cards(3):[Beer] [Bang] [Beer] 
Weapon: [N]
Barrel: N,Mustang: N,Scope: N,Jail: N,Dynamite: N
------------------------------------------
player 2(Computer D),role: Criminal,character: Slab_the_Killer:
hp: 4(max: 4)
Cards(2):[Missed] [Bang] 
Weapon: [Schofield]
Barrel: N,Mustang: N,Scope: Y,Jail: N,Dynamite: N
------------------------------------------
player 3(Computer B),role: Criminal,character: Jourdonnais:
hp: 4(max: 4)
Cards(4):[Bang] [Bang] [Panic] [Missed] 
Weapon: [Rev Carabine]
Barrel: N,Mustang: N,Scope: N,Jail: N,Dynamite: N
------------------------------------------
[93m[DEBUG][0m 1.Draw two cards
------------------------------------------
player 0(Computer C),role: Sheriff,character: Kit_Carlson:
hp: 3(max: 5)
Cards(3):[Indians] [Missed] [Bang] 
Weapon: [Schofield]
Barrel: N,Mustang: Y,Scope: N,Jail: N,Dynamite: N
------------------------------------------
player 1(Computer A),role: Traitor,character: Suzy_Lafayette:
hp: 4(max: 4)
Cards(5):[Beer] [Bang] [Beer] [Beer] [Bang] 
Weapon: [N]
Barrel: N,Mustang: N,Scope: N,Jail: N,Dynamite: N
------------------------------------------
player 2(Computer D),role: Criminal,character: Slab_the_Killer:
hp: 4(max: 4)
Cards(2):[Missed] [Bang] 
Weapon: [Schofield]
Barrel: N,Mustang: N,Scope: Y,Jail: N,Dynamite: N
------------------------------------------
player 3(Computer B),role: Criminal,character: Jourdonnais:
hp: 4(max: 4)
Cards(4):[Bang] [Bang] [Panic] [Missed] 
Weapon: [Rev Carabine]
Barrel: N,Mustang: N,Scope: N,Jail: N,Dynamite: N
------------------------------------------
[93m[DEBUG][0m player 1, choose your card
0(Sheriff): 6,1(Traitor): -10000,2(Criminal): 5,3(Criminal): 5,
[Bang] weight: 20,[Bang] weight: 20,[Beer] weight: 0,[Beer] weight: 0,[Beer] weight: 0,
[93m[DEBUG][0m Use: Bang
[93m[DEBUG][0m Specify to player 2: [Missed]
[93m[DEBUG][0m Return: [Missed](id:0)
[93m[DEBUG][0m player 1, choose your card
0(Sheriff): 6,1(Traitor): -10000,2(Criminal): 5,3(Criminal): 5,
[Beer] weight: 0,[Beer] weight: 0,[Beer] weight: 0,[Bang] weight: -100,
[93m[DEBUG][0m Now: Discard cards.
[93m[DEBUG][0m It's player 2 turn!!!
------------------------------------------
player 0(Computer C),role: Sheriff,character: Kit_Carlson:
hp: 3(max: 5)
Cards(3):[Indians] [Missed] [Bang] 
Weapon: [Schofield]
Barrel: N,Mustang: Y,Scope: N,Jail: N,Dynamite: N
------------------------------------------
player 1(Computer A),role: Traitor,character: Suzy_Lafayette:
hp: 4(max: 4)
Cards(4):[Beer] [Beer] [Beer] [Bang] 
Weapon: [N]
Barrel: N,Mustang: N,Scope: N,Jail: N,Dynamite: N
------------------------------------------
player 2(Computer D),role: Criminal,character: Slab_the_Killer:
hp: 4(max: 4)
Cards(1):[Bang] 
Weapon: [Schofield]
Barrel: N,Mustang: N,Scope: Y,Jail: N,Dynamite: N
------------------------------------------
player 3(Computer B),role: Criminal,character: Jourdonnais:
hp: 4(max: 4)
Cards(4):[Bang] [Bang] [Panic] [Missed] 
Weapon: [Rev Carabine]
Barrel: N,Mustang: N,Scope: N,Jail: N,Dynamite: N
------------------------------------------
[93m[DEBUG][0m 1.Draw two cards
------------------------------------------
player 0(Computer C),role: Sheriff,character: Kit_Carlson:
hp: 3(max: 5)
Cards(3):[Indians] [Missed] [Bang] 
Weapon: [Schofield]
Barrel: N,Mustang: Y,Scope: N,Jail: N,Dynamite: N
------------------------------------------
player 1(Computer A),role: Traitor,character: Suzy_Lafayette:
hp: 4(max: 4)
Cards(4):[Beer] [Beer] [Beer] [Bang] 
Weapon: [N]
Barrel: N,Mustang: N,Scope: N,Jail: N,Dynamite: N
------------------------------------------
player 2(Computer D),role: Criminal,character: Slab_the_Killer:
hp: 4(max: 4)
Cards(3):[Bang] [Beer] [Bang] 
Weapon: [Schofield]
Barrel: N,Mustang: N,Scope: Y,Jail: N,Dynamite: N
------------------------------------------
player 3(Computer B),role: Criminal,character: Jourdonnais:
hp: 4(max: 4)
Cards(4):[Bang] [Bang] [Panic] [Missed] 
Weapon: [Rev Carabine]
Barrel: N,Mustang: N,Scope: N,Jail: N,Dynamite: N
------------------------------------------
[93m[DEBUG][0m player 2, choose your card
0(Sheriff): 6,1(Traitor): 2,2(Criminal): -10000,3(Criminal): 1,
[Bang] weight: 6,[Bang] weight: 6,[Beer] weight: 0,
[93m[DEBUG][0m Now: Discard cards.
[93m[DEBUG][0m It's player 3 turn!!!
------------------------------------------
player 0(Computer C),role: Sheriff,character: Kit_Carlson:
hp: 3(max: 5)
Cards(3):[Indians] [Missed] [Bang] 
Weapon: [Schofield]
Barrel: N,Mustang: Y,Scope: N,Jail: N,Dynamite: N
------------------------------------------
player 1(Computer A),role: Traitor,character: Suzy_Lafayette:
hp: 4(max: 4)
Cards(4):[Beer] [Beer] [Beer] [Bang] 
Weapon: [N]
Barrel: N,Mustang: N,Scope: N,Jail: N,Dynamite: N
------------------------------------------
player 2(Computer D),role: Criminal,character: Slab_the_Killer:
hp: 4(max: 4)
Cards(3):[Bang] [Beer] [Bang] 
Weapon: [Schofield]
Barrel: N,Mustang: N,Scope: Y,Jail: N,Dynamite: N
------------------------------------------
player 3(Computer B),role: Criminal,character: Jourdonnais:
hp: 4(max: 4)
Cards(4):[Bang] [Bang] [Panic] [Missed] 
Weapon: [Rev Carabine]
Barrel: N,Mustang: N,Scope: N,Jail: N,Dynamite: N
------------------------------------------
[93m[DEBUG][0m 1.Draw two cards
------------------------------------------
player 0(Computer C),role: Sheriff,character: Kit_Carlson:
hp: 3(max: 5)
Cards(3):[Indians] [Missed] [Bang] 
Weapon: [Schofield]
Barrel: N,Mustang: Y,Scope: N,Jail: N,Dynamite: N
------------------------------------------
player 1(Computer A),role: Traitor,character: Suzy_Lafayette:
hp: 4(max: 4)
Cards(4):[Beer] [Beer] [Beer] [Bang] 
Weapon: [N]
Barrel: N,Mustang: N,Scope: N,Jail: N,Dynamite: N
------------------------------------------
player 2(Computer D),role: Criminal,character: Slab_the_Killer:
hp: 4(max: 4)
Cards(3):[Bang] [Beer] [Bang] 
Weapon: [Schofield]
Barrel: N,Mustang: N,Scope: Y,Jail: N,Dynamite: N
------------------------------------------
player 3(Computer B),role: Criminal,character: Jourdonnais:
hp: 4(max: 4)
Cards(6):[Bang] [Bang] [Panic] [Missed] [Missed] [Barrel] 
Weapon: [Rev Carabine]
Barrel: N,Mustang: N,Scope: N,Jail: N,Dynamite: N
------------------------------------------
[93m[DEBUG][0m player 3, choose your card
0(Sheriff): 6,1(Traitor): 0,2(Criminal): 0,3(Criminal): -10000,
[Barrel] weight: 500,[Bang] weight: 6,[Bang] weight: 6,[Panic] weight: 0,[Missed] weight: 0,[Missed] weight: 0,
[93m[DEBUG][0m Use: Barrel
[93m[DEBUG][0m player 3, choose your card
0(Sheriff): 6,1(Traitor): 0,2(Criminal): 0,3(Criminal): -10000,
[Bang] weight: 6,[Bang] weight: 6,[Panic] weight: 0,[Missed] weight: 0,[Missed] weight: 0,
[93m[DEBUG][0m Now: Discard cards.
0(Sheriff): 6,1(Traitor): 0,2(Criminal): 0,3(Criminal): -10000,
[Bang] weight: 6,[Bang] weight: 6,[Panic] weight: 0,[Missed] weight: 0,[Missed] weight: 0,
[93m[DEBUG][0m Discard: Panic
[93m[DEBUG][0m It's player 0 turn!!!
------------------------------------------
player 0(Computer C),role: Sheriff,character: Kit_Carlson:
hp: 3(max: 5)
Cards(3):[Indians] [Missed] [Bang] 
Weapon: [Schofield]
Barrel: N,Mustang: Y,Scope: N,Jail: N,Dynamite: N
------------------------------------------
player 1(Computer A),role: Traitor,character: Suzy_Lafayette:
hp: 4(max: 4)
Cards(4):[Beer] [Beer] [Beer] [Bang] 
Weapon: [N]
Barrel: N,Mustang: N,Scope: N,Jail: N,Dynamite: N
------------------------------------------
player 2(Computer D),role: Criminal,character: Slab_the_Killer:
hp: 4(max: 4)
Cards(3):[Bang] [Beer] [Bang] 
Weapon: [Schofield]
Barrel: N,Mustang: N,Scope: Y,Jail: N,Dynamite: N
------------------------------------------
player 3(Computer B),role: Criminal,character: Jourdonnais:
hp: 4(max: 4)
Cards(4):[Bang] [Bang] [Missed] [Missed] 
Weapon: [Rev Carabine]
Barrel: Y,Mustang: N,Scope: N,Jail: N,Dynamite: N
------------------------------------------
[93m[DEBUG][0m 1.Draw two cards
0(Sheriff): -10000,1(Traitor): 4,2(Criminal): 3,3(Criminal): 4,
[Duel] weight: 4,[Bang] weight: 0,[Bang] weight: 0,
0(Sheriff): -10000,1(Traitor): 4,2(Criminal): 3,3(Criminal): 4,
[Bang] weight: 0,[Bang] weight: 0,
------------------------------------------
player 0(Computer C),role: Sheriff,character: Kit_Carlson:
hp: 3(max: 5)
Cards(5):[Indians] [Missed] [Bang] [Duel] [Bang] 
Weapon: [Schofield]
Barrel: N,Mustang: Y,Scope: N,Jail: N,Dynamite: N
------------------------------------------
player 1(Computer A),role: Traitor,character: Suzy_Lafayette:
hp: 4(max: 4)
Cards(4):[Beer] [Beer] [Beer] [Bang] 
Weapon: [N]
Barrel: N,Mustang: N,Scope: N,Jail: N,Dynamite: N
------------------------------------------
player 2(Computer D),role: Criminal,character: Slab_the_Killer:
hp: 4(max: 4)
Cards(3):[Bang] [Beer] [Bang] 
Weapon: [Schofield]
Barrel: N,Mustang: N,Scope: Y,Jail: N,Dynamite: N
------------------------------------------
player 3(Computer B),role: Criminal,character: Jourdonnais:
hp: 4(max: 4)
Cards(4):[Bang] [Bang] [Missed] [Missed] 
Weapon: [Rev Carabine]
Barrel: Y,Mustang: N,Scope: N,Jail: N,Dynamite: N
------------------------------------------
[93m[DEBUG][0m player 0, choose your card
0(Sheriff): -10000,1(Traitor): 4,2(Criminal): 3,3(Criminal): 4,
[Duel] weight: 25,[Indians] weight: 0,[Missed] weight: 0,[Bang] weight: 0,[Bang] weight: 0,
[93m[DEBUG][0m Use: Duel
[93m[DEBUG][0m Specify to player 1: [Bang]
[93m[DEBUG][0m Return: [Bang](id:3)
[93m[DEBUG][0m Specify to player 1: [Bang]
[93m[DEBUG][0m Return: [NULL]
[93m[DEBUG][0m 0 attack 1
[93m[DEBUG][0m player 0, choose your card
0(Sheriff): -10000,1(Traitor): 5,2(Criminal): 3,3(Criminal): 4,
[Indians] weight: 5,[Bang] weight: 5,[Bang] weight: 5,[Missed] weight: 0,
[93m[DEBUG][0m Now: Discard cards.
0(Sheriff): -10000,1(Traitor): 5,2(Criminal): 3,3(Criminal): 4,
[Indians] weight: 5,[Bang] weight: 5,[Bang] weight: 5,[Missed] weight: 0,
[93m[DEBUG][0m Discard: Bang
[93m[DEBUG][0m It's player 1 turn!!!
------------------------------------------
player 0(Computer C),role: Sheriff,character: Kit_Carlson:
hp: 3(max: 5)
Cards(3):[Indians] [Missed] [Bang] 
Weapon: [Schofield]
Barrel: N,Mustang: Y,Scope: N,Jail: N,Dynamite: N
------------------------------------------
player 1(Computer A),role: Traitor,character: Suzy_Lafayette:
hp: 3(max: 4)
Cards(3):[Beer] [Beer] [Beer] 
Weapon: [N]
Barrel: N,Mustang: N,Scope: N,Jail: N,Dynamite: N
------------------------------------------
player 2(Computer D),role: Criminal,character: Slab_the_Killer:
hp: 4(max: 4)
Cards(3):[Bang] [Beer] [Bang] 
Weapon: [Schofield]
Barrel: N,Mustang: N,Scope: Y,Jail: N,Dynamite: N
------------------------------------------
player 3(Computer B),role: Criminal,character: Jourdonnais:
hp: 4(max: 4)
Cards(4):[Bang] [Bang] [Missed] [Missed] 
Weapon: [Rev Carabine]
Barrel: Y,Mustang: N,Scope: N,Jail: N,Dynamite: N
------------------------------------------
[93m[DEBUG][0m 1.Draw two cards
------------------------------------------
player 0(Computer C),role: Sheriff,character: Kit_Carlson:
hp: 3(max: 5)
Cards(3):[Indians] [Missed] [Bang] 
Weapon: [Schofield]
Barrel: N,Mustang: Y,Scope: N,Jail: N,Dynamite: N
------------------------------------------
player 1(Computer A),role: Traitor,character: Suzy_Lafayette:
hp: 3(max: 4)
Cards(5):[Beer] [Beer] [Beer] [Dynamite] [Indians] 
Weapon: [N]
Barrel: N,Mustang: N,Scope: N,Jail: N,Dynamite: N
------------------------------------------
player 2(Computer D),role: Criminal,character: Slab_the_Killer:
hp: 4(max: 4)
Cards(3):[Bang] [Beer] [Bang] 
Weapon: [Schofield]
Barrel: N,Mustang: N,Scope: Y,Jail: N,Dynamite: N
------------------------------------------
player 3(Computer B),role: Criminal,character: Jourdonnais:
hp: 4(max: 4)
Cards(4):[Bang] [Bang] [Missed] [Missed] 
Weapon: [Rev Carabine]
Barrel: Y,Mustang: N,Scope: N,Jail: N,Dynamite: N
------------------------------------------
[93m[DEBUG][0m player 1, choose your card
0(Sheriff): 7,1(Traitor): -10000,2(Criminal): 5,3(Criminal): 5,
[Dynamite] weight: 10,[Indians] weight: 7,[Beer] weight: 5,[Beer] weight: 5,[Beer] weight: 5,
[93m[DEBUG][0m Use: Dynamite
[93m[DEBUG][0m player 1, choose your card
0(Sheriff): 7,1(Traitor): -10000,2(Criminal): 5,3(Criminal): 5,
[Indians] weight: 7,[Beer] weight: 5,[Beer] weight: 5,[Beer] weight: 5,
[93m[DEBUG][0m Now: Discard cards.
0(Sheriff): 7,1(Traitor): -10000,2(Criminal): 5,3(Criminal): 5,
[Indians] weight: 7,[Beer] weight: 5,[Beer] weight: 5,[Beer] weight: 5,
[93m[DEBUG][0m Discard: Beer
[93m[DEBUG][0m It's player 2 turn!!!
------------------------------------------
player 0(Computer C),role: Sheriff,character: Kit_Carlson:
hp: 3(max: 5)
Cards(3):[Indians] [Missed] [Bang] 
Weapon: [Schofield]
Barrel: N,Mustang: Y,Scope: N,Jail: N,Dynamite: N
------------------------------------------
player 1(Computer A),role: Traitor,character: Suzy_Lafayette:
hp: 3(max: 4)
Cards(3):[Beer] [Beer] [Indians] 
Weapon: [N]
Barrel: N,Mustang: N,Scope: N,Jail: N,Dynamite: Y
------------------------------------------
player 2(Computer D),role: Criminal,character: Slab_the_Killer:
hp: 4(max: 4)
Cards(3):[Bang] [Beer] [Bang] 
Weapon: [Schofield]
Barrel: N,Mustang: N,Scope: Y,Jail: N,Dynamite: N
------------------------------------------
player 3(Computer B),role: Criminal,character: Jourdonnais:
hp: 4(max: 4)
Cards(4):[Bang] [Bang] [Missed] [Missed] 
Weapon: [Rev Carabine]
Barrel: Y,Mustang: N,Scope: N,Jail: N,Dynamite: N
------------------------------------------
[93m[DEBUG][0m 1.Draw two cards
------------------------------------------
player 0(Computer C),role: Sheriff,character: Kit_Carlson:
hp: 3(max: 5)
Cards(3):[Indians] [Missed] [Bang] 
Weapon: [Schofield]
Barrel: N,Mustang: Y,Scope: N,Jail: N,Dynamite: N
------------------------------------------
player 1(Computer A),role: Traitor,character: Suzy_Lafayette:
hp: 3(max: 4)
Cards(3):[Beer] [Beer] [Indians] 
Weapon: [N]
Barrel: N,Mustang: N,Scope: N,Jail: N,Dynamite: Y
------------------------------------------
player 2(Computer D),role: Criminal,character: Slab_the_Killer:
hp: 4(max: 4)
Cards(5):[Bang] [Beer] [Bang] [General Store] [Bang] 
Weapon: [Schofield]
Barrel: N,Mustang: N,Scope: Y,Jail: N,Dynamite: N
------------------------------------------
player 3(Computer B),role: Criminal,character: Jourdonnais:
hp: 4(max: 4)
Cards(4):[Bang] [Bang] [Missed] [Missed] 
Weapon: [Rev Carabine]
Barrel: Y,Mustang: N,Scope: N,Jail: N,Dynamite: N
------------------------------------------
[93m[DEBUG][0m player 2, choose your card
0(Sheriff): 6,1(Traitor): 2,2(Criminal): -10000,3(Criminal): 1,
[Bang] weight: 6,[Bang] weight: 6,[General Store] weight: 6,[Bang] weight: 6,[Beer] weight: 0,
[93m[DEBUG][0m Now: Discard cards.
0(Sheriff): 6,1(Traitor): 2,2(Criminal): -10000,3(Criminal): 1,
[Bang] weight: 6,[Bang] weight: 6,[General Store] weight: 6,[Bang] weight: 6,[Beer] weight: 0,
[93m[DEBUG][0m Discard: Beer
[93m[DEBUG][0m It's player 3 turn!!!
------------------------------------------
player 0(Computer C),role: Sheriff,character: Kit_Carlson:
hp: 3(max: 5)
Cards(3):[Indians] [Missed] [Bang] 
Weapon: [Schofield]
Barrel: N,Mustang: Y,Scope: N,Jail: N,Dynamite: N
------------------------------------------
player 1(Computer A),role: Traitor,character: Suzy_Lafayette:
hp: 3(max: 4)
Cards(3):[Beer] [Beer] [Indians] 
Weapon: [N]
Barrel: N,Mustang: N,Scope: N,Jail: N,Dynamite: Y
------------------------------------------
player 2(Computer D),role: Criminal,character: Slab_the_Killer:
hp: 4(max: 4)
Cards(4):[Bang] [Bang] [General Store] [Bang] 
Weapon: [Schofield]
Barrel: N,Mustang: N,Scope: Y,Jail: N,Dynamite: N
------------------------------------------
player 3(Computer B),role: Criminal,character: Jourdonnais:
hp: 4(max: 4)
Cards(4):[Bang] [Bang] [Missed] [Missed] 
Weapon: [Rev Carabine]
Barrel: Y,Mustang: N,Scope: N,Jail: N,Dynamite: N
------------------------------------------
[93m[DEBUG][0m 1.Draw two cards
------------------------------------------
player 0(Computer C),role: Sheriff,character: Kit_Carlson:
hp: 3(max: 5)
Cards(3):[Indians] [Missed] [Bang] 
Weapon: [Schofield]
Barrel: N,Mustang: Y,Scope: N,Jail: N,Dynamite: N
------------------------------------------
player 1(Computer A),role: Traitor,character: Suzy_Lafayette:
hp: 3(max: 4)
Cards(3):[Beer] [Beer] [Indians] 
Weapon: [N]
Barrel: N,Mustang: N,Scope: N,Jail: N,Dynamite: Y
------------------------------------------
player 2(Computer D),role: Criminal,character: Slab_the_Killer:
hp: 4(max: 4)
Cards(4):[Bang] [Bang] [General Store] [Bang] 
Weapon: [Schofield]
Barrel: N,Mustang: N,Scope: Y,Jail: N,Dynamite: N
------------------------------------------
player 3(Computer B),role: Criminal,character: Jourdonnais:
hp: 4(max: 4)
Cards(6):[Bang] [Bang] [Missed] [Missed] [Cat Balou] [Volcanic] 
Weapon: [Rev Carabine]
Barrel: Y,Mustang: N,Scope: N,Jail: N,Dynamite: N
------------------------------------------
[93m[DEBUG][0m player 3, choose your card
0(Sheriff): 6,1(Traitor): 0,2(Criminal): 0,3(Criminal): -10000,
[Volcanic] weight: 200,[Bang] weight: 6,[Bang] weight: 6,[Missed] weight: 0,[Missed] weight: 0,[Cat Balou] weight: 0,
[93m[DEBUG][0m Use: Volcanic
[93m[DEBUG][0m player 3, choose your card
0(Sheriff): 6,1(Traitor): 0,2(Criminal): 0,3(Criminal): -10000,
[Bang] weight: 0,[Bang] weight: 0,[Missed] weight: 0,[Missed] weight: 0,[Cat Balou] weight: 0,
[93m[DEBUG][0m Now: Discard cards.
0(Sheriff): 6,1(Traitor): 0,2(Criminal): 0,3(Criminal): -10000,
[Bang] weight: 0,[Bang] weight: 0,[Missed] weight: 0,[Missed] weight: 0,[Cat Balou] weight: 0,
[93m[DEBUG][0m Discard: Cat Balou
[93m[DEBUG][0m It's player 0 turn!!!
------------------------------------------
player 0(Computer C),role: Sheriff,character: Kit_Carlson:
hp: 3(max: 5)
Cards(3):[Indians] [Missed] [Bang] 
Weapon: [Schofield]
Barrel: N,Mustang: Y,Scope: N,Jail: N,Dynamite: N
------------------------------------------
player 1(Computer A),role: Traitor,character: Suzy_Lafayette:
hp: 3(max: 4)
Cards(3):[Beer] [Beer] [Indians] 
Weapon: [N]
Barrel: N,Mustang: N,Scope: N,Jail: N,Dynamite: Y
------------------------------------------
player 2(Computer D),role: Criminal,character: Slab_the_Killer:
hp: 4(max: 4)
Cards(4):[Bang] [Bang] [General Store] [Bang] 
Weapon: [Schofield]
Barrel: N,Mustang: N,Scope: Y,Jail: N,Dynamite: N
------------------------------------------
player 3(Computer B),role: Criminal,character: Jourdonnais:
hp: 4(max: 4)
Cards(4):[Bang] [Bang] [Missed] [Missed] 
Weapon: [Volcanic]
Barrel: Y,Mustang: N,Scope: N,Jail: N,Dynamite: N
------------------------------------------
[93m[DEBUG][0m 1.Draw two cards
0(Sheriff): -10000,1(Traitor): 5,2(Criminal): 3,3(Criminal): 4,
[Bang] weight: 5,[Missed] weight: 0,[Missed] weight: 0,
0(Sheriff): -10000,1(Traitor): 5,2(Criminal): 3,3(Criminal): 4,
[Missed] weight: 0,[Missed] weight: 0,
------------------------------------------
player 0(Computer C),role: Sheriff,character: Kit_Carlson:
hp: 3(max: 5)
Cards(5):[Indians] [Missed] [Bang] [Bang] [Missed] 
Weapon: [Schofield]
Barrel: N,Mustang: Y,Scope: N,Jail: N,Dynamite: N
------------------------------------------
player 1(Computer A),role: Traitor,character: Suzy_Lafayette:
hp: 3(max: 4)
Cards(3):[Beer] [Beer] [Indians] 
Weapon: [N]
Barrel: N,Mustang: N,Scope: N,Jail: N,Dynamite: Y
------------------------------------------
player 2(Computer D),role: Criminal,character: Slab_the_Killer:
hp: 4(max: 4)
Cards(4):[Bang] [Bang] [General Store] [Bang] 
Weapon: [Schofield]
Barrel: N,Mustang: N,Scope: Y,Jail: N,Dynamite: N
------------------------------------------
player 3(Computer B),role: Criminal,character: Jourdonnais:
hp: 4(max: 4)
Cards(4):[Bang] [Bang] [Missed] [Missed] 
Weapon: [Volcanic]
Barrel: Y,Mustang: N,Scope: N,Jail: N,Dynamite: N
------------------------------------------
[93m[DEBUG][0m player 0, choose your card
0(Sheriff): -10000,1(Traitor): 5,2(Criminal): 3,3(Criminal): 4,
[Indians] weight: 5,[Bang] weight: 5,[Bang] weight: 5,[Missed] weight: 0,[Missed] weight: 0,
[93m[DEBUG][0m Now: Discard cards.
0(Sheriff): -10000,1(Traitor): 5,2(Criminal): 3,3(Criminal): 4,
[Indians] weight: 5,[Bang] weight: 5,[Bang] weight: 5,[Missed] weight: 0,[Missed] weight: 0,
[93m[DEBUG][0m Discard: Bang
0(Sheriff): -10000,1(Traitor): 5,2(Criminal): 3,3(Criminal): 4,
[Indians] weight: 5,[Bang] weight: 5,[Missed] weight: 0,[Missed] weight: 0,
[93m[DEBUG][0m Discard: Bang
[93m[DEBUG][0m It's player 1 turn!!!
------------------------------------------
player 0(Computer C),role: Sheriff,character: Kit_Carlson:
hp: 3(max: 5)
Cards(3):[Indians] [Missed] [Missed] 
Weapon: [Schofield]
Barrel: N,Mustang: Y,Scope: N,Jail: N,Dynamite: N
------------------------------------------
player 1(Computer A),role: Traitor,character: Suzy_Lafayette:
hp: 3(max: 4)
Cards(3):[Beer] [Beer] [Indians] 
Weapon: [N]
Barrel: N,Mustang: N,Scope: N,Jail: N,Dynamite: Y
------------------------------------------
player 2(Computer D),role: Criminal,character: Slab_the_Killer:
hp: 4(max: 4)
Cards(4):[Bang] [Bang] [General Store] [Bang] 
Weapon: [Schofield]
Barrel: N,Mustang: N,Scope: Y,Jail: N,Dynamite: N
------------------------------------------
player 3(Computer B),role: Criminal,character: Jourdonnais:
hp: 4(max: 4)
Cards(4):[Bang] [Bang] [Missed] [Missed] 
Weapon: [Volcanic]
Barrel: Y,Mustang: N,Scope: N,Jail: N,Dynamite: N
------------------------------------------
[93m[DEBUG][0m 1.Draw two cards
------------------------------------------
player 0(Computer C),role: Sheriff,character: Kit_Carlson:
hp: 3(max: 5)
Cards(3):[Indians] [Missed] [Missed] 
Weapon: [Schofield]
Barrel: N,Mustang: Y,Scope: N,Jail: N,Dynamite: N
------------------------------------------
player 1(Computer A),role: Traitor,character: Suzy_Lafayette:
hp: 3(max: 4)
Cards(5):[Beer] [Beer] [Indians] [Stagecoach] [Missed] 
Weapon: [N]
Barrel: N,Mustang: N,Scope: N,Jail: N,Dynamite: N
------------------------------------------
player 2(Computer D),role: Criminal,character: Slab_the_Killer:
hp: 4(max: 4)
Cards(4):[Bang] [Bang] [General Store] [Bang] 
Weapon: [Schofield]
Barrel: N,Mustang: N,Scope: Y,Jail: N,Dynamite: Y
------------------------------------------
player 3(Computer B),role: Criminal,character: Jourdonnais:
hp: 4(max: 4)
Cards(4):[Bang] [Bang] [Missed] [Missed] 
Weapon: [Volcanic]
Barrel: Y,Mustang: N,Scope: N,Jail: N,Dynamite: N
------------------------------------------
[93m[DEBUG][0m player 1, choose your card
0(Sheriff): 7,1(Traitor): -10000,2(Criminal): 5,3(Criminal): 5,
[Indians] weight: 7,[Beer] weight: 5,[Beer] weight: 5,[Missed] weight: 0,[Stagecoach] weight: -15,
[93m[DEBUG][0m Now: Discard cards.
0(Sheriff): 7,1(Traitor): -10000,2(Criminal): 5,3(Criminal): 5,
[Indians] weight: 7,[Beer] weight: 5,[Beer] weight: 5,[Missed] weight: 0,[Stagecoach] weight: -15,
[93m[DEBUG][0m Discard: Stagecoach
0(Sheriff): 7,1(Traitor): -10000,2(Criminal): 5,3(Criminal): 5,
[Indians] weight: 7,[Beer] weight: 5,[Beer] weight: 5,[Missed] weight: 0,
[93m[DEBUG][0m Discard: Beer
[93m[DEBUG][0m It's player 2 turn!!!
------------------------------------------
player 0(Computer C),role: Sheriff,character: Kit_Carlson:
hp: 3(max: 5)
Cards(3):[Indians] [Missed] [Missed] 
Weapon: [Schofield]
Barrel: N,Mustang: Y,Scope: N,Jail: N,Dynamite: N
------------------------------------------
player 1(Computer A),role: Traitor,character: Suzy_Lafayette:
hp: 3(max: 4)
Cards(3):[Beer] [Indians] [Missed] 
Weapon: [N]
Barrel: N,Mustang: N,Scope: N,Jail: N,Dynamite: N
------------------------------------------
player 2(Computer D),role: Criminal,character: Slab_the_Killer:
hp: 4(max: 4)
Cards(4):[Bang] [Bang] [General Store] [Bang] 
Weapon: [Schofield]
Barrel: N,Mustang: N,Scope: Y,Jail: N,Dynamite: Y
------------------------------------------
player 3(Computer B),role: Criminal,character: Jourdonnais:
hp: 4(max: 4)
Cards(4):[Bang] [Bang] [Missed] [Missed] 
Weapon: [Volcanic]
Barrel: Y,Mustang: N,Scope: N,Jail: N,Dynamite: N
------------------------------------------
[93m[DEBUG][0m 1.Draw two cards
------------------------------------------
player 0(Computer C),role: Sheriff,character: Kit_Carlson:
hp: 3(max: 5)
Cards(3):[Indians] [Missed] [Missed] 
Weapon: [Schofield]
Barrel: N,Mustang: Y,Scope: N,Jail: N,Dynamite: N
------------------------------------------
player 1(Computer A),role: Traitor,character: Suzy_Lafayette:
hp: 3(max: 4)
Cards(3):[Beer] [Indians] [Missed] 
Weapon: [N]
Barrel: N,Mustang: N,Scope: N,Jail: N,Dynamite: N
------------------------------------------
player 2(Computer D),role: Criminal,character: Slab_the_Killer:
hp: 4(max: 4)
Cards(6):[Bang] [Bang] [General Store] [Bang] [Wells Fargo] [Cat Balou] 
Weapon: [Schofield]
Barrel: N,Mustang: N,Scope: Y,Jail: N,Dynamite: N
------------------------------------------
player 3(Computer B),role: Criminal,character: Jourdonnais:
hp: 4(max: 4)
Cards(4):[Bang] [Bang] [Missed] [Missed] 
Weapon: [Volcanic]
Barrel: Y,Mustang: N,Scope: N,Jail: N,Dynamite: Y
------------------------------------------
[93m[DEBUG][0m player 2, choose your card
0(Sheriff): 6,1(Traitor): 2,2(Criminal): -10000,3(Criminal): 1,
[Bang] weight: 6,[Bang] weight: 6,[Bang] weight: 6,[General Store] weight: 1,[Cat Balou] weight: 0,[Wells Fargo] weight: -20,
[93m[DEBUG][0m Now: Discard cards.
0(Sheriff): 6,1(Traitor): 2,2(Criminal): -10000,3(Criminal): 1,
[Bang] weight: 6,[Bang] weight: 6,[Bang] weight: 6,[General Store] weight: 1,[Cat Balou] weight: 0,[Wells Fargo] weight: -20,
[93m[DEBUG][0m Discard: Wells Fargo
0(Sheriff): 6,1(Traitor): 2,2(Criminal): -10000,3(Criminal): 1,
[Bang] weight: 6,[Bang] weight: 6,[General Store] weight: 6,[Bang] weight: 6,[Cat Balou] weight: 0,
[93m[DEBUG][0m Discard: Cat Balou
[93m[DEBUG][0m It's player 3 turn!!!
------------------------------------------
player 0(Computer C),role: Sheriff,character: Kit_Carlson:
hp: 3(max: 5)
Cards(3):[Indians] [Missed] [Missed] 
Weapon: [Schofield]
Barrel: N,Mustang: Y,Scope: N,Jail: N,Dynamite: N
------------------------------------------
player 1(Computer A),role: Traitor,character: Suzy_Lafayette:
hp: 3(max: 4)
Cards(3):[Beer] [Indians] [Missed] 
Weapon: [N]
Barrel: N,Mustang: N,Scope: N,Jail: N,Dynamite: N
------------------------------------------
player 2(Computer D),role: Criminal,character: Slab_the_Killer:
hp: 4(max: 4)
Cards(4):[Bang] [Bang] [General Store] [Bang] 
Weapon: [Schofield]
Barrel: N,Mustang: N,Scope: Y,Jail: N,Dynamite: N
------------------------------------------
player 3(Computer B),role: Criminal,character: Jourdonnais:
hp: 4(max: 4)
Cards(4):[Bang] [Bang] [Missed] [Missed] 
Weapon: [Volcanic]
Barrel: Y,Mustang: N,Scope: N,Jail: N,Dynamite: Y
------------------------------------------
[93m[DEBUG][0m -1 attack 3
[93m[DEBUG][0m -1 attack 3
[93m[DEBUG][0m -1 attack 3
[93m[DEBUG][0m 1.Draw two cards
------------------------------------------
player 0(Computer C),role: Sheriff,character: Kit_Carlson:
hp: 3(max: 5)
Cards(3):[Indians] [Missed] [Missed] 
Weapon: [Schofield]
Barrel: N,Mustang: Y,Scope: N,Jail: N,Dynamite: N
------------------------------------------
player 1(Computer A),role: Traitor,character: Suzy_Lafayette:
hp: 3(max: 4)
Cards(3):[Beer] [Indians] [Missed] 
Weapon: [N]
Barrel: N,Mustang: N,Scope: N,Jail: N,Dynamite: N
------------------------------------------
player 2(Computer D),role: Criminal,character: Slab_the_Killer:
hp: 4(max: 4)
Cards(4):[Bang] [Bang] [General Store] [Bang] 
Weapon: [Schofield]
Barrel: N,Mustang: N,Scope: Y,Jail: N,Dynamite: N
------------------------------------------
player 3(Computer B),role: Criminal,character: Jourdonnais:
hp: 1(max: 4)
Cards(6):[Bang] [Bang] [Missed] [Missed] [Mustang] [Bang] 
Weapon: [Volcanic]
Barrel: Y,Mustang: N,Scope: N,Jail: N,Dynamite: N
------------------------------------------
[93m[DEBUG][0m player 3, choose your card
0(Sheriff): 6,1(Traitor): 0,2(Criminal): 0,3(Criminal): -10000,
[Mustang] weight: 450,[Bang] weight: 0,[Bang] weight: 0,[Missed] weight: 0,[Missed] weight: 0,[Bang] weight: 0,
[93m[DEBUG][0m Use: Mustang
[93m[DEBUG][0m player 3, choose your card
0(Sheriff): 6,1(Traitor): 0,2(Criminal): 0,3(Criminal): -10000,
[Bang] weight: 0,[Bang] weight: 0,[Missed] weight: 0,[Missed] weight: 0,[Bang] weight: 0,
[93m[DEBUG][0m Now: Discard cards.
0(Sheriff): 6,1(Traitor): 0,2(Criminal): 0,3(Criminal): -10000,
[Bang] weight: 0,[Bang] weight: 0,[Missed] weight: 0,[Missed] weight: 0,[Bang] weight: 0,
[93m[DEBUG][0m Discard: Bang
0(Sheriff): 6,1(Traitor): 0,2(Criminal): 0,3(Criminal): -10000,
[Bang] weight: 0,[Bang] weight: 0,[Missed] weight: 0,[Missed] weight: 0,
[93m[DEBUG][0m Discard: Bang
0(Sheriff): 6,1(Traitor): 0,2(Criminal): 0,3(Criminal): -10000,
[Bang] weight: 0,[Missed] weight: 0,[Missed] weight: 0,
[93m[DEBUG][0m Discard: Bang
0(Sheriff): 6,1(Traitor): 0,2(Criminal): 0,3(Criminal): -10000,
[Missed] weight: 0,[Missed] weight: 0,
[93m[DEBUG][0m Discard: Missed
[93m[DEBUG][0m It's player 0 turn!!!
------------------------------------------
player 0(Computer C),role: Sheriff,character: Kit_Carlson:
hp: 3(max: 5)
Cards(3):[Indians] [Missed] [Missed] 
Weapon: [Schofield]
Barrel: N,Mustang: Y,Scope: N,Jail: N,Dynamite: N
------------------------------------------
player 1(Computer A),role: Traitor,character: Suzy_Lafayette:
hp: 3(max: 4)
Cards(3):[Beer] [Indians] [Missed] 
Weapon: [N]
Barrel: N,Mustang: N,Scope: N,Jail: N,Dynamite: N
------------------------------------------
player 2(Computer D),role: Criminal,character: Slab_the_Killer:
hp: 4(max: 4)
Cards(4):[Bang] [Bang] [General Store] [Bang] 
Weapon: [Schofield]
Barrel: N,Mustang: N,Scope: Y,Jail: N,Dynamite: N
------------------------------------------
player 3(Computer B),role: Criminal,character: Jourdonnais:
hp: 1(max: 4)
Cards(1):[Missed] 
Weapon: [Volcanic]
Barrel: Y,Mustang: Y,Scope: N,Jail: N,Dynamite: N
------------------------------------------
[93m[DEBUG][0m 1.Draw two cards
0(Sheriff): -10000,1(Traitor): 5,2(Criminal): 3,3(Criminal): 4,
[Jail] weight: 10,[Bang] weight: 5,[Duel] weight: 0,
0(Sheriff): -10000,1(Traitor): 5,2(Criminal): 3,3(Criminal): 4,
[Bang] weight: 5,[Duel] weight: 0,
------------------------------------------
player 0(Computer C),role: Sheriff,character: Kit_Carlson:
hp: 3(max: 5)
Cards(5):[Indians] [Missed] [Missed] [Jail] [Bang] 
Weapon: [Schofield]
Barrel: N,Mustang: Y,Scope: N,Jail: N,Dynamite: N
------------------------------------------
player 1(Computer A),role: Traitor,character: Suzy_Lafayette:
hp: 3(max: 4)
Cards(3):[Beer] [Indians] [Missed] 
Weapon: [N]
Barrel: N,Mustang: N,Scope: N,Jail: N,Dynamite: N
------------------------------------------
player 2(Computer D),role: Criminal,character: Slab_the_Killer:
hp: 4(max: 4)
Cards(4):[Bang] [Bang] [General Store] [Bang] 
Weapon: [Schofield]
Barrel: N,Mustang: N,Scope: Y,Jail: N,Dynamite: N
------------------------------------------
player 3(Computer B),role: Criminal,character: Jourdonnais:
hp: 1(max: 4)
Cards(1):[Missed] 
Weapon: [Volcanic]
Barrel: Y,Mustang: Y,Scope: N,Jail: N,Dynamite: N
------------------------------------------
[93m[DEBUG][0m player 0, choose your card
0(Sheriff): -10000,1(Traitor): 5,2(Criminal): 3,3(Criminal): 4,
[Jail] weight: 10,[Indians] weight: 5,[Bang] weight: 5,[Missed] weight: 0,[Missed] weight: 0,
[93m[DEBUG][0m Use: Jail
[93m[DEBUG][0m player 0, choose your card
0(Sheriff): -10000,1(Traitor): 5,2(Criminal): 3,3(Criminal): 4,
[Indians] weight: 5,[Bang] weight: 5,[Missed] weight: 0,[Missed] weight: 0,
[93m[DEBUG][0m Now: Discard cards.
0(Sheriff): -10000,1(Traitor): 5,2(Criminal): 3,3(Criminal): 4,
[Indians] weight: 5,[Bang] weight: 5,[Missed] weight: 0,[Missed] weight: 0,
[93m[DEBUG][0m Discard: Bang
[93m[DEBUG][0m It's player 1 turn!!!
------------------------------------------
player 0(Computer C),role: Sheriff,character: Kit_Carlson:
hp: 3(max: 5)
Cards(3):[Indians] [Missed] [Missed] 
Weapon: [Schofield]
Barrel: N,Mustang: Y,Scope: N,Jail: N,Dynamite: N
------------------------------------------
player 1(Computer A),role: Traitor,character: Suzy_Lafayette:
hp: 3(max: 4)
Cards(3):[Beer] [Indians] [Missed] 
Weapon: [N]
Barrel: N,Mustang: N,Scope: N,Jail: N,Dynamite: N
------------------------------------------
player 2(Computer D),role: Criminal,character: Slab_the_Killer:
hp: 4(max: 4)
Cards(4):[Bang] [Bang] [General Store] [Bang] 
Weapon: [Schofield]
Barrel: N,Mustang: N,Scope: Y,Jail: N,Dynamite: N
------------------------------------------
player 3(Computer B),role: Criminal,character: Jourdonnais:
hp: 1(max: 4)
Cards(1):[Missed] 
Weapon: [Volcanic]
Barrel: Y,Mustang: Y,Scope: N,Jail: N,Dynamite: N
------------------------------------------
[93m[DEBUG][0m 1.Draw two cards
------------------------------------------
player 0(Computer C),role: Sheriff,character: Kit_Carlson:
hp: 3(max: 5)
Cards(3):[Indians] [Missed] [Missed] 
Weapon: [Schofield]
Barrel: N,Mustang: Y,Scope: N,Jail: N,Dynamite: N
------------------------------------------
player 1(Computer A),role: Traitor,character: Suzy_Lafayette:
hp: 3(max: 4)
Cards(5):[Beer] [Indians] [Missed] [Bang] [Missed] 
Weapon: [N]
Barrel: N,Mustang: N,Scope: N,Jail: N,Dynamite: N
------------------------------------------
player 2(Computer D),role: Criminal,character: Slab_the_Killer:
hp: 4(max: 4)
Cards(4):[Bang] [Bang] [General Store] [Bang] 
Weapon: [Schofield]
Barrel: N,Mustang: N,Scope: Y,Jail: N,Dynamite: N
------------------------------------------
player 3(Computer B),role: Criminal,character: Jourdonnais:
hp: 1(max: 4)
Cards(1):[Missed] 
Weapon: [Volcanic]
Barrel: Y,Mustang: Y,Scope: N,Jail: N,Dynamite: N
------------------------------------------
[93m[DEBUG][0m player 1, choose your card
0(Sheriff): 8,1(Traitor): -10000,2(Criminal): 5,3(Criminal): 5,
[Indians] weight: 8,[Beer] weight: 5,[Missed] weight: 0,[Bang] weight: 0,[Missed] weight: 0,
[93m[DEBUG][0m Now: Discard cards.
0(Sheriff): 8,1(Traitor): -10000,2(Criminal): 5,3(Criminal): 5,
[Indians] weight: 8,[Beer] weight: 5,[Missed] weight: 0,[Bang] weight: 0,[Missed] weight: 0,
[93m[DEBUG][0m Discard: Bang
0(Sheriff): 8,1(Traitor): -10000,2(Criminal): 5,3(Criminal): 5,
[Indians] weight: 8,[Beer] weight: 5,[Missed] weight: 0,[Missed] weight: 0,
[93m[DEBUG][0m Discard: Beer
[93m[DEBUG][0m It's player 2 turn!!!
------------------------------------------
player 0(Computer C),role: Sheriff,character: Kit_Carlson:
hp: 3(max: 5)
Cards(3):[Indians] [Missed] [Missed] 
Weapon: [Schofield]
Barrel: N,Mustang: Y,Scope: N,Jail: N,Dynamite: N
------------------------------------------
player 1(Computer A),role: Traitor,character: Suzy_Lafayette:
hp: 3(max: 4)
Cards(3):[Indians] [Missed] [Missed] 
Weapon: [N]
Barrel: N,Mustang: N,Scope: N,Jail: N,Dynamite: N
------------------------------------------
player 2(Computer D),role: Criminal,character: Slab_the_Killer:
hp: 4(max: 4)
Cards(4):[Bang] [Bang] [General Store] [Bang] 
Weapon: [Schofield]
Barrel: N,Mustang: N,Scope: Y,Jail: N,Dynamite: N
------------------------------------------
player 3(Computer B),role: Criminal,character: Jourdonnais:
hp: 1(max: 4)
Cards(1):[Missed] 
Weapon: [Volcanic]
Barrel: Y,Mustang: Y,Scope: N,Jail: N,Dynamite: N
------------------------------------------
[93m[DEBUG][0m 1.Draw two cards
------------------------------------------
player 0(Computer C),role: Sheriff,character: Kit_Carlson:
hp: 3(max: 5)
Cards(3):[Indians] [Missed] [Missed] 
Weapon: [Schofield]
Barrel: N,Mustang: Y,Scope: N,Jail: N,Dynamite: N
------------------------------------------
player 1(Computer A),role: Traitor,character: Suzy_Lafayette:
hp: 3(max: 4)
Cards(3):[Indians] [Missed] [Missed] 
Weapon: [N]
Barrel: N,Mustang: N,Scope: N,Jail: N,Dynamite: N
------------------------------------------
player 2(Computer D),role: Criminal,character: Slab_the_Killer:
hp: 4(max: 4)
Cards(6):[Bang] [Bang] [General Store] [Bang] [Panic] [Bang] 
Weapon: [Schofield]
Barrel: N,Mustang: N,Scope: Y,Jail: N,Dynamite: N
------------------------------------------
player 3(Computer B),role: Criminal,character: Jourdonnais:
hp: 1(max: 4)
Cards(1):[Missed] 
Weapon: [Volcanic]
Barrel: Y,Mustang: Y,Scope: N,Jail: N,Dynamite: N
------------------------------------------
[93m[DEBUG][0m player 2, choose your card
0(Sheriff): 6,1(Traitor): 2,2(Criminal): -10000,3(Criminal): 1,
[General Store] weight: 7,[Bang] weight: 6,[Bang] weight: 6,[Bang] weight: 6,[Bang] weight: 6,[Panic] weight: 0,
[93m[DEBUG][0m Now: Discard cards.
0(Sheriff): 6,1(Traitor): 2,2(Criminal): -10000,3(Criminal): 1,
[General Store] weight: 7,[Bang] weight: 6,[Bang] weight: 6,[Bang] weight: 6,[Bang] weight: 6,[Panic] weight: 0,
[93m[DEBUG][0m Discard: Panic
0(Sheriff): 6,1(Traitor): 2,2(Criminal): -10000,3(Criminal): 1,
[General Store] weight: 12,[Bang] weight: 6,[Bang] weight: 6,[Bang] weight: 6,[Bang] weight: 6,
[93m[DEBUG][0m Discard: Bang
[93m[DEBUG][0m It's player 3 turn!!!
------------------------------------------
player 0(Computer C),role: Sheriff,character: Kit_Carlson:
hp: 3(max: 5)
Cards(3):[Indians] [Missed] [Missed] 
Weapon: [Schofield]
Barrel: N,Mustang: Y,Scope: N,Jail: N,Dynamite: N
------------------------------------------
player 1(Computer A),role: Traitor,character: Suzy_Lafayette:
hp: 3(max: 4)
Cards(3):[Indians] [Missed] [Missed] 
Weapon: [N]
Barrel: N,Mustang: N,Scope: N,Jail: N,Dynamite: N
------------------------------------------
player 2(Computer D),role: Criminal,character: Slab_the_Killer:
hp: 4(max: 4)
Cards(4):[Bang] [Bang] [General Store] [Bang] 
Weapon: [Schofield]
Barrel: N,Mustang: N,Scope: Y,Jail: N,Dynamite: N
------------------------------------------
player 3(Computer B),role: Criminal,character: Jourdonnais:
hp: 1(max: 4)
Cards(1):[Missed] 
Weapon: [Volcanic]
Barrel: Y,Mustang: Y,Scope: N,Jail: N,Dynamite: N
------------------------------------------
[93m[DEBUG][0m 1.Draw two cards
------------------------------------------
player 0(Computer C),role: Sheriff,character: Kit_Carlson:
hp: 3(max: 5)
Cards(3):[Indians] [Missed] [Missed] 
Weapon: [Schofield]
Barrel: N,Mustang: Y,Scope: N,Jail: N,Dynamite: N
------------------------------------------
player 1(Computer A),role: Traitor,character: Suzy_Lafayette:
hp: 3(max: 4)
Cards(3):[Indians] [Missed] [Missed] 
Weapon: [N]
Barrel: N,Mustang: N,Scope: N,Jail: N,Dynamite: N
------------------------------------------
player 2(Computer D),role: Criminal,character: Slab_the_Killer:
hp: 4(max: 4)
Cards(4):[Bang] [Bang] [General Store] [Bang] 
Weapon: [Schofield]
Barrel: N,Mustang: N,Scope: Y,Jail: N,Dynamite: N
------------------------------------------
player 3(Computer B),role: Criminal,character: Jourdonnais:
hp: 1(max: 4)
Cards(3):[Missed] [Stagecoach] [Bang] 
Weapon: [Volcanic]
Barrel: Y,Mustang: Y,Scope: N,Jail: N,Dynamite: N
------------------------------------------
[93m[DEBUG][0m player 3, choose your card
0(Sheriff): 6,1(Traitor): 0,2(Criminal): 0,3(Criminal): -10000,
[Missed] weight: 0,[Bang] weight: 0,[Stagecoach] weight: -15,
[93m[DEBUG][0m Now: Discard cards.
0(Sheriff): 6,1(Traitor): 0,2(Criminal): 0,3(Criminal): -10000,
[Missed] weight: 0,[Bang] weight: 0,[Stagecoach] weight: -15,
[93m[DEBUG][0m Discard: Stagecoach
0(Sheriff): 6,1(Traitor): 0,2(Criminal): 0,3(Criminal): -10000,
[Missed] weight: 0,[Bang] weight: 0,
[93m[DEBUG][0m Discard: Bang
[93m[DEBUG][0m It's player 0 turn!!!
------------------------------------------
player 0(Computer C),role: Sheriff,character: Kit_Carlson:
hp: 3(max: 5)
Cards(3):[Indians] [Missed] [Missed] 
Weapon: [Schofield]
Barrel: N,Mustang: Y,Scope: N,Jail: N,Dynamite: N
------------------------------------------
player 1(Computer A),role: Traitor,character: Suzy_Lafayette:
hp: 3(max: 4)
Cards(3):[Indians] [Missed] [Missed] 
Weapon: [N]
Barrel: N,Mustang: N,Scope: N,Jail: N,Dynamite: N
------------------------------------------
player 2(Computer D),role: Criminal,character: Slab_the_Killer:
hp: 4(max: 4)
Cards(4):[Bang] [Bang] [General Store] [Bang] 
Weapon: [Schofield]
Barrel: N,Mustang: N,Scope: Y,Jail: N,Dynamite: N
------------------------------------------
player 3(Computer B),role: Criminal,character: Jourdonnais:
hp: 1(max: 4)
Cards(1):[Missed] 
Weapon: [Volcanic]
Barrel: Y,Mustang: Y,Scope: N,Jail: N,Dynamite: N
------------------------------------------
[93m[DEBUG][0m 1.Draw two cards
0(Sheriff): -10000,1(Traitor): 5,2(Criminal): 3,3(Criminal): 4,
[Schofield] weight: 120,[Bang] weight: 5,[Missed] weight: 0,
0(Sheriff): -10000,1(Traitor): 5,2(Criminal): 3,3(Criminal): 4,
[Bang] weight: 5,[Missed] weight: 0,
------------------------------------------
player 0(Computer C),role: Sheriff,character: Kit_Carlson:
hp: 3(max: 5)
Cards(5):[Indians] [Missed] [Missed] [Schofield] [Bang] 
Weapon: [Schofield]
Barrel: N,Mustang: Y,Scope: N,Jail: N,Dynamite: N
------------------------------------------
player 1(Computer A),role: Traitor,character: Suzy_Lafayette:
hp: 3(max: 4)
Cards(3):[Indians] [Missed] [Missed] 
Weapon: [N]
Barrel: N,Mustang: N,Scope: N,Jail: N,Dynamite: N
------------------------------------------
player 2(Computer D),role: Criminal,character: Slab_the_Killer:
hp: 4(max: 4)
Cards(4):[Bang] [Bang] [General Store] [Bang] 
Weapon: [Schofield]
Barrel: N,Mustang: N,Scope: Y,Jail: N,Dynamite: N
------------------------------------------
player 3(Computer B),role: Criminal,character: Jourdonnais:
hp: 1(max: 4)
Cards(1):[Missed] 
Weapon: [Volcanic]
Barrel: Y,Mustang: Y,Scope: N,Jail: N,Dynamite: N
------------------------------------------
[93m[DEBUG][0m player 0, choose your card
0(Sheriff): -10000,1(Traitor): 5,2(Criminal): 3,3(Criminal): 4,
[Schofield] weight: 120,[Indians] weight: 5,[Bang] weight: 5,[Missed] weight: 0,[Missed] weight: 0,
[93m[DEBUG][0m Use: Schofield
[93m[DEBUG][0m player 0, choose your card
0(Sheriff): -10000,1(Traitor): 5,2(Criminal): 3,3(Criminal): 4,
[Indians] weight: 5,[Bang] weight: 5,[Missed] weight: 0,[Missed] weight: 0,
[93m[DEBUG][0m Now: Discard cards.
0(Sheriff): -10000,1(Traitor): 5,2(Criminal): 3,3(Criminal): 4,
[Indians] weight: 5,[Bang] weight: 5,[Missed] weight: 0,[Missed] weight: 0,
[93m[DEBUG][0m Discard: Bang
[93m[DEBUG][0m It's player 1 turn!!!
------------------------------------------
player 0(Computer C),role: Sheriff,character: Kit_Carlson:
hp: 3(max: 5)
Cards(3):[Indians] [Missed] [Missed] 
Weapon: [Schofield]
Barrel: N,Mustang: Y,Scope: N,Jail: N,Dynamite: N
------------------------------------------
player 1(Computer A),role: Traitor,character: Suzy_Lafayette:
hp: 3(max: 4)
Cards(3):[Indians] [Missed] [Missed] 
Weapon: [N]
Barrel: N,Mustang: N,Scope: N,Jail: N,Dynamite: N
------------------------------------------
player 2(Computer D),role: Criminal,character: Slab_the_Killer:
hp: 4(max: 4)
Cards(4):[Bang] [Bang] [General Store] [Bang] 
Weapon: [Schofield]
Barrel: N,Mustang: N,Scope: Y,Jail: N,Dynamite: N
------------------------------------------
player 3(Computer B),role: Criminal,character: Jourdonnais:
hp: 1(max: 4)
Cards(1):[Missed] 
Weapon: [Volcanic]
Barrel: Y,Mustang: Y,Scope: N,Jail: N,Dynamite: N
------------------------------------------
[93m[DEBUG][0m 1.Draw two cards
------------------------------------------
player 0(Computer C),role: Sheriff,character: Kit_Carlson:
hp: 3(max: 5)
Cards(3):[Indians] [Missed] [Missed] 
Weapon: [Schofield]
Barrel: N,Mustang: Y,Scope: N,Jail: N,Dynamite: N
------------------------------------------
player 1(Computer A),role: Traitor,character: Suzy_Lafayette:
hp: 3(max: 4)
Cards(5):[Indians] [Missed] [Missed] [Jail] [Bang] 
Weapon: [N]
Barrel: N,Mustang: N,Scope: N,Jail: N,Dynamite: N
------------------------------------------
player 2(Computer D),role: Criminal,character: Slab_the_Killer:
hp: 4(max: 4)
Cards(4):[Bang] [Bang] [General Store] [Bang] 
Weapon: [Schofield]
Barrel: N,Mustang: N,Scope: Y,Jail: N,Dynamite: N
------------------------------------------
player 3(Computer B),role: Criminal,character: Jourdonnais:
hp: 1(max: 4)
Cards(1):[Missed] 
Weapon: [Volcanic]
Barrel: Y,Mustang: Y,Scope: N,Jail: N,Dynamite: N
------------------------------------------
[93m[DEBUG][0m player 1, choose your card
0(Sheriff): 8,1(Traitor): -10000,2(Criminal): 5,3(Criminal): 5,
[Indians] weight: 8,[Missed] weight: 0,[Missed] weight: 0,[Jail] weight: 0,[Bang] weight: 0,
[93m[DEBUG][0m Now: Discard cards.
0(Sheriff): 8,1(Traitor): -10000,2(Criminal): 5,3(Criminal): 5,
[Indians] weight: 8,[Missed] weight: 0,[Missed] weight: 0,[Jail] weight: 0,[Bang] weight: 0,
[93m[DEBUG][0m Discard: Bang
0(Sheriff): 8,1(Traitor): -10000,2(Criminal): 5,3(Criminal): 5,
[Indians] weight: 8,[Missed] weight: 0,[Missed] weight: 0,[Jail] weight: 0,
[93m[DEBUG][0m Discard: Jail
[93m[DEBUG][0m It's player 2 turn!!!
------------------------------------------
player 0(Computer C),role: Sheriff,character: Kit_Carlson:
hp: 3(max: 5)
Cards(3):[Indians] [Missed] [Missed] 
Weapon: [Schofield]
Barrel: N,Mustang: Y,Scope: N,Jail: N,Dynamite: N
------------------------------------------
player 1(Computer A),role: Traitor,character: Suzy_Lafayette:
hp: 3(max: 4)
Cards(3):[Indians] [Missed] [Missed] 
Weapon: [N]
Barrel: N,Mustang: N,Scope: N,Jail: N,Dynamite: N
------------------------------------------
player 2(Computer D),role: Criminal,character: Slab_the_Killer:
hp: 4(max: 4)
Cards(4):[Bang] [Bang] [General Store] [Bang] 
Weapon: [Schofield]
Barrel: N,Mustang: N,Scope: Y,Jail: N,Dynamite: N
------------------------------------------
player 3(Computer B),role: Criminal,character: Jourdonnais:
hp: 1(max: 4)
Cards(1):[Missed] 
Weapon: [Volcanic]
Barrel: Y,Mustang: Y,Scope: N,Jail: N,Dynamite: N
------------------------------------------
[93m[DEBUG][0m 1.Draw two cards
------------------------------------------
player 0(Computer C),role: Sheriff,character: Kit_Carlson:
hp: 3(max: 5)
Cards(3):[Indians] [Missed] [Missed] 
Weapon: [Schofield]
Barrel: N,Mustang: Y,Scope: N,Jail: N,Dynamite: N
------------------------------------------
player 1(Computer A),role: Traitor,character: Suzy_Lafayette:
hp: 3(max: 4)
Cards(3):[Indians] [Missed] [Missed] 
Weapon: [N]
Barrel: N,Mustang: N,Scope: N,Jail: N,Dynamite: N
------------------------------------------
player 2(Computer D),role: Criminal,character: Slab_the_Killer:
hp: 4(max: 4)
Cards(6):[Bang] [Bang] [General Store] [Bang] [Beer] [Beer] 
Weapon: [Schofield]
Barrel: N,Mustang: N,Scope: Y,Jail: N,Dynamite: N
------------------------------------------
player 3(Computer B),role: Criminal,character: Jourdonnais:
hp: 1(max: 4)
Cards(1):[Missed] 
Weapon: [Volcanic]
Barrel: Y,Mustang: Y,Scope: N,Jail: N,Dynamite: N
------------------------------------------
[93m[DEBUG][0m player 2, choose your card
0(Sheriff): 6,1(Traitor): 2,2(Criminal): -10000,3(Criminal): 1,
[General Store] weight: 7,[Bang] weight: 6,[Bang] weight: 6,[Bang] weight: 6,[Beer] weight: 0,[Beer] weight: 0,
[93m[DEBUG][0m Now: Discard cards.
0(Sheriff): 6,1(Traitor): 2,2(Criminal): -10000,3(Criminal): 1,
[General Store] weight: 7,[Bang] weight: 6,[Bang] weight: 6,[Bang] weight: 6,[Beer] weight: 0,[Beer] weight: 0,
[93m[DEBUG][0m Discard: Beer
0(Sheriff): 6,1(Traitor): 2,2(Criminal): -10000,3(Criminal): 1,
[General Store] weight: 12,[Bang] weight: 6,[Bang] weight: 6,[Bang] weight: 6,[Beer] weight: 0,
[93m[DEBUG][0m Discard: Beer
[93m[DEBUG][0m It's player 3 turn!!!
------------------------------------------
player 0(Computer C),role: Sheriff,character: Kit_Carlson:
hp: 3(max: 5)
Cards(3):[Indians] [Missed] [Missed] 
Weapon: [Schofield]
Barrel: N,Mustang: Y,Scope: N,Jail: N,Dynamite: N
------------------------------------------
player 1(Computer A),role: Traitor,character: Suzy_Lafayette:
hp: 3(max: 4)
Cards(3):[Indians] [Missed] [Missed] 
Weapon: [N]
Barrel: N,Mustang: N,Scope: N,Jail: N,Dynamite: N
------------------------------------------
player 2(Computer D),role: Criminal,character: Slab_the_Killer:
hp: 4(max: 4)
Cards(4):[Bang] [Bang] [General Store] [Bang] 
Weapon: [Schofield]
Barrel: N,Mustang: N,Scope: Y,Jail: N,Dynamite: N
------------------------------------------
player 3(Computer B),role: Criminal,character: Jourdonnais:
hp: 1(max: 4)
Cards(1):[Missed] 
Weapon: [Volcanic]
Barrel: Y,Mustang: Y,Scope: N,Jail: N,Dynamite: N
------------------------------------------
[93m[DEBUG][0m 1.Draw two cards
------------------------------------------
player 0(Computer C),role: Sheriff,character: Kit_Carlson:
hp: 3(max: 5)
Cards(3):[Indians] [Missed] [Missed] 
Weapon: [Schofield]
Barrel: N,Mustang: Y,Scope: N,Jail: N,Dynamite: N
------------------------------------------
player 1(Computer A),role: Traitor,character: Suzy_Lafayette:
hp: 3(max: 4)
Cards(3):[Indians] [Missed] [Missed] 
Weapon: [N]
Barrel: N,Mustang: N,Scope: N,Jail: N,Dynamite: N
------------------------------------------
player 2(Computer D),role: Criminal,character: Slab_the_Killer:
hp: 4(max: 4)
Cards(4):[Bang] [Bang] [General Store] [Bang] 
Weapon: [Schofield]
Barrel: N,Mustang: N,Scope: Y,Jail: N,Dynamite: N
------------------------------------------
player 3(Computer B),role: Criminal,character: Jourdonnais:
hp: 1(max: 4)
Cards(3):[Missed] [Bang] [Bang] 
Weapon: [Volcanic]
Barrel: Y,Mustang: Y,Scope: N,Jail: N,Dynamite: N
------------------------------------------
[93m[DEBUG][0m player 3, choose your card
0(Sheriff): 6,1(Traitor): 0,2(Criminal): 0,3(Criminal): -10000,
[Missed] weight: 0,[Bang] weight: 0,[Bang] weight: 0,
[93m[DEBUG][0m Now: Discard cards.
0(Sheriff): 6,1(Traitor): 0,2(Criminal): 0,3(Criminal): -10000,
[Missed] weight: 0,[Bang] weight: 0,[Bang] weight: 0,
[93m[DEBUG][0m Discard: Bang
0(Sheriff): 6,1(Traitor): 0,2(Criminal): 0,3(Criminal): -10000,
[Missed] weight: 0,[Bang] weight: 0,
[93m[DEBUG][0m Discard: Bang
[93m[DEBUG][0m It's player 0 turn!!!
------------------------------------------
player 0(Computer C),role: Sheriff,character: Kit_Carlson:
hp: 3(max: 5)
Cards(3):[Indians] [Missed] [Missed] 
Weapon: [Schofield]
Barrel: N,Mustang: Y,Scope: N,Jail: N,Dynamite: N
------------------------------------------
player 1(Computer A),role: Traitor,character: Suzy_Lafayette:
hp: 3(max: 4)
Cards(3):[Indians] [Missed] [Missed] 
Weapon: [N]
Barrel: N,Mustang: N,Scope: N,Jail: N,Dynamite: N
------------------------------------------
player 2(Computer D),role: Criminal,character: Slab_the_Killer:
hp: 4(max: 4)
Cards(4):[Bang] [Bang] [General Store] [Bang] 
Weapon: [Schofield]
Barrel: N,Mustang: N,Scope: Y,Jail: N,Dynamite: N
------------------------------------------
player 3(Computer B),role: Criminal,character: Jourdonnais:
hp: 1(max: 4)
Cards(1):[Missed] 
Weapon: [Volcanic]
Barrel: Y,Mustang: Y,Scope: N,Jail: N,Dynamite: N
------------------------------------------
[93m[DEBUG][0m 1.Draw two cards
0(Sheriff): -10000,1(Traitor): 5,2(Criminal): 3,3(Criminal): 4,
[Missed] weight: 0,[Duel] weight: 0,[Missed] weight: 0,
0(Sheriff): -10000,1(Traitor): 5,2(Criminal): 3,3(Criminal): 4,
[Duel] weight: 0,[Missed] weight: 0,
------------------------------------------
player 0(Computer C),role: Sheriff,character: Kit_Carlson:
hp: 3(max: 5)
Cards(5):[Indians] [Missed] [Missed] [Missed] [Duel] 
Weapon: [Schofield]
Barrel: N,Mustang: Y,Scope: N,Jail: N,Dynamite: N
------------------------------------------
player 1(Computer A),role: Traitor,character: Suzy_Lafayette:
hp: 3(max: 4)
Cards(3):[Indians] [Missed] [Missed] 
Weapon: [N]
Barrel: N,Mustang: N,Scope: N,Jail: N,Dynamite: N
------------------------------------------
player 2(Computer D),role: Criminal,character: Slab_the_Killer:
hp: 4(max: 4)
Cards(4):[Bang] [Bang] [General Store] [Bang] 
Weapon: [Schofield]
Barrel: N,Mustang: N,Scope: Y,Jail: N,Dynamite: N
------------------------------------------
player 3(Computer B),role: Criminal,character: Jourdonnais:
hp: 1(max: 4)
Cards(1):[Missed] 
Weapon: [Volcanic]
Barrel: Y,Mustang: Y,Scope: N,Jail: N,Dynamite: N
------------------------------------------
[93m[DEBUG][0m player 0, choose your card
0(Sheriff): -10000,1(Traitor): 5,2(Criminal): 3,3(Criminal): 4,
[Indians] weight: 5,[Missed] weight: 0,[Missed] weight: 0,[Missed] weight: 0,[Duel] weight: 0,
[93m[DEBUG][0m Now: Discard cards.
0(Sheriff): -10000,1(Traitor): 5,2(Criminal): 3,3(Criminal): 4,
[Indians] weight: 5,[Missed] weight: 0,[Missed] weight: 0,[Missed] weight: 0,[Duel] weight: 0,
[93m[DEBUG][0m Discard: Duel
0(Sheriff): -10000,1(Traitor): 5,2(Criminal): 3,3(Criminal): 4,
[Indians] weight: 5,[Missed] weight: 0,[Missed] weight: 0,[Missed] weight: 0,
[93m[DEBUG][0m Discard: Missed
[93m[DEBUG][0m It's player 1 turn!!!
------------------------------------------
player 0(Computer C),role: Sheriff,character: Kit_Carlson:
hp: 3(max: 5)
Cards(3):[Indians] [Missed] [Missed] 
Weapon: [Schofield]
Barrel: N,Mustang: Y,Scope: N,Jail: N,Dynamite: N
------------------------------------------
player 1(Computer A),role: Traitor,character: Suzy_Lafayette:
hp: 3(max: 4)
Cards(3):[Indians] [Missed] [Missed] 
Weapon: [N]
Barrel: N,Mustang: N,Scope: N,Jail: N,Dynamite: N
------------------------------------------
player 2(Computer D),role: Criminal,character: Slab_the_Killer:
hp: 4(max: 4)
Cards(4):[Bang] [Bang] [General Store] [Bang] 
Weapon: [Schofield]
Barrel: N,Mustang: N,Scope: Y,Jail: N,Dynamite: N
------------------------------------------
player 3(Computer B),role: Criminal,character: Jourdonnais:
hp: 1(max: 4)
Cards(1):[Missed] 
Weapon: [Volcanic]
Barrel: Y,Mustang: Y,Scope: N,Jail: N,Dynamite: N
------------------------------------------
[93m[DEBUG][0m 1.Draw two cards
[93m[DEBUG][0m (after)NULL on deck[26]
